This is pdfTeXk, Version 3.141592-1.40.3 (Web2C 7.5.6) (format=pdflatex 2009.5.12)  2 JUL 2009 15:22
entering extended mode
 %&-line parsing enabled.
**refman.tex
(./refman.tex
LaTeX2e <2005/12/01>
Babel <v3.8h> and hyphenation patterns for english, usenglishmax, dumylang, noh
yphenation, loaded.
(/usr/share/texmf-texlive/tex/latex/base/article.cls
Document Class: article 2005/09/16 v1.4f Standard LaTeX document class
(/usr/share/texmf-texlive/tex/latex/base/size10.clo
File: size10.clo 2005/09/16 v1.4f Standard LaTeX file (size option)
)
\c@part=\count79
\c@section=\count80
\c@subsection=\count81
\c@subsubsection=\count82
\c@paragraph=\count83
\c@subparagraph=\count84
\c@figure=\count85
\c@table=\count86
\abovecaptionskip=\skip41
\belowcaptionskip=\skip42
\bibindent=\dimen102
)
(/usr/share/texmf-texlive/tex/latex/ltxmisc/a4wide.sty
Package: a4wide 1994/08/30

(/usr/share/texmf-texlive/tex/latex/ntgclass/a4.sty
Package: a4 2004/04/15 v1.2g A4 based page layout
))
(/usr/share/texmf-texlive/tex/latex/base/makeidx.sty
Package: makeidx 2000/03/29 v1.0m Standard LaTeX package
)
(/usr/share/texmf-texlive/tex/latex/fancyhdr/fancyhdr.sty
\fancy@headwidth=\skip43
\f@ncyO@elh=\skip44
\f@ncyO@erh=\skip45
\f@ncyO@olh=\skip46
\f@ncyO@orh=\skip47
\f@ncyO@elf=\skip48
\f@ncyO@erf=\skip49
\f@ncyO@olf=\skip50
\f@ncyO@orf=\skip51
)
(/usr/share/texmf-texlive/tex/latex/graphics/graphicx.sty
Package: graphicx 1999/02/16 v1.0f Enhanced LaTeX Graphics (DPC,SPQR)

(/usr/share/texmf-texlive/tex/latex/graphics/keyval.sty
Package: keyval 1999/03/16 v1.13 key=value parser (DPC)
\KV@toks@=\toks14
)
(/usr/share/texmf-texlive/tex/latex/graphics/graphics.sty
Package: graphics 2006/02/20 v1.0o Standard LaTeX Graphics (DPC,SPQR)

(/usr/share/texmf-texlive/tex/latex/graphics/trig.sty
Package: trig 1999/03/16 v1.09 sin cos tan (DPC)
)
(/etc/texmf/tex/latex/config/graphics.cfg
File: graphics.cfg 2007/01/18 v1.5 graphics configuration of teTeX/TeXLive
)
Package graphics Info: Driver file: pdftex.def on input line 90.

(/usr/share/texmf-texlive/tex/latex/pdftex-def/pdftex.def
File: pdftex.def 2007/01/08 v0.04d Graphics/color for pdfTeX
\Gread@gobject=\count87
))
\Gin@req@height=\dimen103
\Gin@req@width=\dimen104
)
(/usr/share/texmf-texlive/tex/latex/tools/multicol.sty
Package: multicol 2006/05/18 v1.6g multicolumn formatting (FMi)
\c@tracingmulticols=\count88
\mult@box=\box26
\multicol@leftmargin=\dimen105
\c@unbalance=\count89
\c@collectmore=\count90
\doublecol@number=\count91
\multicoltolerance=\count92
\multicolpretolerance=\count93
\full@width=\dimen106
\page@free=\dimen107
\premulticols=\dimen108
\postmulticols=\dimen109
\multicolsep=\skip52
\multicolbaselineskip=\skip53
\partial@page=\box27
\last@line=\box28
\mult@rightbox=\box29
\mult@grightbox=\box30
\mult@gfirstbox=\box31
\mult@firstbox=\box32
\@tempa=\box33
\@tempa=\box34
\@tempa=\box35
\@tempa=\box36
\@tempa=\box37
\@tempa=\box38
\@tempa=\box39
\@tempa=\box40
\@tempa=\box41
\@tempa=\box42
\@tempa=\box43
\@tempa=\box44
\@tempa=\box45
\@tempa=\box46
\@tempa=\box47
\@tempa=\box48
\@tempa=\box49
\c@columnbadness=\count94
\c@finalcolumnbadness=\count95
\last@try=\dimen110
\multicolovershoot=\dimen111
\multicolundershoot=\dimen112
\mult@nat@firstbox=\box50
\colbreak@box=\box51
)
(/usr/share/texmf-texlive/tex/latex/float/float.sty
Package: float 2001/11/08 v1.3d Float enhancements (AL)
\c@float@type=\count96
\float@exts=\toks15
\float@box=\box52
\@float@everytoks=\toks16
\@floatcapt=\box53
)
(/usr/share/texmf-texlive/tex/latex/base/textcomp.sty
Package: textcomp 2005/09/27 v1.99g Standard LaTeX package
Package textcomp Info: Sub-encoding information:
(textcomp)               5 = only ISO-Adobe without \textcurrency
(textcomp)               4 = 5 + \texteuro
(textcomp)               3 = 4 + \textohm
(textcomp)               2 = 3 + \textestimated + \textcurrency
(textcomp)               1 = TS1 - \textcircled - \t
(textcomp)               0 = TS1 (full)
(textcomp)             Font families with sub-encoding setting implement
(textcomp)             only a restricted character set as indicated.
(textcomp)             Family '?' is the default used for unknown fonts.
(textcomp)             See the documentation for details.
Package textcomp Info: Setting ? sub-encoding to TS1/1 on input line 71.

(/usr/share/texmf-texlive/tex/latex/base/ts1enc.def
File: ts1enc.def 2001/06/05 v3.0e (jk/car/fm) Standard LaTeX file
)
LaTeX Info: Redefining \oldstylenums on input line 266.
Package textcomp Info: Setting cmr sub-encoding to TS1/0 on input line 281.
Package textcomp Info: Setting cmss sub-encoding to TS1/0 on input line 282.
Package textcomp Info: Setting cmtt sub-encoding to TS1/0 on input line 283.
Package textcomp Info: Setting cmvtt sub-encoding to TS1/0 on input line 284.
Package textcomp Info: Setting cmbr sub-encoding to TS1/0 on input line 285.
Package textcomp Info: Setting cmtl sub-encoding to TS1/0 on input line 286.
Package textcomp Info: Setting ccr sub-encoding to TS1/0 on input line 287.
Package textcomp Info: Setting ptm sub-encoding to TS1/4 on input line 288.
Package textcomp Info: Setting pcr sub-encoding to TS1/4 on input line 289.
Package textcomp Info: Setting phv sub-encoding to TS1/4 on input line 290.
Package textcomp Info: Setting ppl sub-encoding to TS1/3 on input line 291.
Package textcomp Info: Setting pag sub-encoding to TS1/4 on input line 292.
Package textcomp Info: Setting pbk sub-encoding to TS1/4 on input line 293.
Package textcomp Info: Setting pnc sub-encoding to TS1/4 on input line 294.
Package textcomp Info: Setting pzc sub-encoding to TS1/4 on input line 295.
Package textcomp Info: Setting bch sub-encoding to TS1/4 on input line 296.
Package textcomp Info: Setting put sub-encoding to TS1/5 on input line 297.
Package textcomp Info: Setting uag sub-encoding to TS1/5 on input line 298.
Package textcomp Info: Setting ugq sub-encoding to TS1/5 on input line 299.
Package textcomp Info: Setting ul8 sub-encoding to TS1/4 on input line 300.
Package textcomp Info: Setting ul9 sub-encoding to TS1/4 on input line 301.
Package textcomp Info: Setting augie sub-encoding to TS1/5 on input line 302.
Package textcomp Info: Setting dayrom sub-encoding to TS1/3 on input line 303.
Package textcomp Info: Setting dayroms sub-encoding to TS1/3 on input line 304.

Package textcomp Info: Setting pxr sub-encoding to TS1/0 on input line 305.
Package textcomp Info: Setting pxss sub-encoding to TS1/0 on input line 306.
Package textcomp Info: Setting pxtt sub-encoding to TS1/0 on input line 307.
Package textcomp Info: Setting txr sub-encoding to TS1/0 on input line 308.
Package textcomp Info: Setting txss sub-encoding to TS1/0 on input line 309.
Package textcomp Info: Setting txtt sub-encoding to TS1/0 on input line 310.
Package textcomp Info: Setting futs sub-encoding to TS1/4 on input line 311.
Package textcomp Info: Setting futx sub-encoding to TS1/4 on input line 312.
Package textcomp Info: Setting futj sub-encoding to TS1/4 on input line 313.
Package textcomp Info: Setting hlh sub-encoding to TS1/3 on input line 314.
Package textcomp Info: Setting hls sub-encoding to TS1/3 on input line 315.
Package textcomp Info: Setting hlst sub-encoding to TS1/3 on input line 316.
Package textcomp Info: Setting hlct sub-encoding to TS1/5 on input line 317.
Package textcomp Info: Setting hlx sub-encoding to TS1/5 on input line 318.
Package textcomp Info: Setting hlce sub-encoding to TS1/5 on input line 319.
Package textcomp Info: Setting hlcn sub-encoding to TS1/5 on input line 320.
Package textcomp Info: Setting hlcw sub-encoding to TS1/5 on input line 321.
Package textcomp Info: Setting hlcf sub-encoding to TS1/5 on input line 322.
Package textcomp Info: Setting pplx sub-encoding to TS1/3 on input line 323.
Package textcomp Info: Setting pplj sub-encoding to TS1/3 on input line 324.
Package textcomp Info: Setting ptmx sub-encoding to TS1/4 on input line 325.
Package textcomp Info: Setting ptmj sub-encoding to TS1/4 on input line 326.
)
(/usr/share/texmf-texlive/tex/latex/base/alltt.sty
Package: alltt 1997/06/16 v2.0g defines alltt environment
)
(/usr/share/texmf-texlive/tex/latex/psnfss/times.sty
Package: times 2005/04/12 PSNFSS-v9.2a (SPQR) 
)
(/usr/share/texmf-texlive/tex/generic/oberdiek/ifpdf.sty
Package: ifpdf 2006/02/20 v1.4 Provides the ifpdf switch (HO)
Package ifpdf Info: pdfTeX in pdf mode detected.
)
(/usr/share/texmf-texlive/tex/latex/hyperref/hyperref.sty
Package: hyperref 2007/02/07 v6.75r Hypertext links for LaTeX
\@linkdim=\dimen113
\Hy@linkcounter=\count97
\Hy@pagecounter=\count98

(/usr/share/texmf-texlive/tex/latex/hyperref/pd1enc.def
File: pd1enc.def 2007/02/07 v6.75r Hyperref: PDFDocEncoding definition (HO)
)
(/etc/texmf/tex/latex/config/hyperref.cfg
File: hyperref.cfg 2002/06/06 v1.2 hyperref configuration of TeXLive
)
(/usr/share/texmf-texlive/tex/latex/oberdiek/kvoptions.sty
Package: kvoptions 2006/08/22 v2.4 Connects package keyval with LaTeX options (
HO)
)
Package hyperref Info: Option `colorlinks' set `true' on input line 2238.
Package hyperref Info: Option `unicode' set `true' on input line 2238.

(/usr/share/texmf-texlive/tex/latex/hyperref/puenc.def
File: puenc.def 2007/02/07 v6.75r Hyperref: PDF Unicode definition (HO)
)
Package hyperref Info: Hyper figures OFF on input line 2288.
Package hyperref Info: Link nesting OFF on input line 2293.
Package hyperref Info: Hyper index ON on input line 2296.
Package hyperref Info: Plain pages OFF on input line 2303.
Package hyperref Info: Backreferencing ON on input line 2306.

Implicit mode ON; LaTeX internals redefined
Package hyperref Info: Bookmarks ON on input line 2444.
(/usr/share/texmf-texlive/tex/latex/hyperref/backref.sty
Package: backref 2006/10/06 v1.27 Bibliographical back referencing
)
(/usr/share/texmf-texlive/tex/latex/ltxmisc/url.sty
\Urlmuskip=\muskip10
Package: url 2005/06/27  ver 3.2  Verb mode for urls, etc.
)
LaTeX Info: Redefining \url on input line 2599.
\Fld@menulength=\count99
\Field@Width=\dimen114
\Fld@charsize=\dimen115
\Choice@toks=\toks17
\Field@toks=\toks18
Package hyperref Info: Hyper figures OFF on input line 3102.
Package hyperref Info: Link nesting OFF on input line 3107.
Package hyperref Info: Hyper index ON on input line 3110.
Package hyperref Info: backreferencing ON on input line 3115.
Package hyperref Info: Link coloring ON on input line 3120.
\Hy@abspage=\count100
\c@Item=\count101
\c@Hfootnote=\count102
)
*hyperref using driver hpdftex*
(/usr/share/texmf-texlive/tex/latex/hyperref/hpdftex.def
File: hpdftex.def 2007/02/07 v6.75r Hyperref driver for pdfTeX
\Fld@listcount=\count103
)
(/usr/share/texmf-texlive/tex/latex/base/inputenc.sty
Package: inputenc 2006/05/05 v1.1b Input encoding file
\inpenc@prehook=\toks19
\inpenc@posthook=\toks20

(/usr/share/texmf-texlive/tex/latex/base/utf8.def
File: utf8.def 2006/03/30 v1.1i UTF-8 support for inputenc
Now handling font encoding OML ...
... no UTF-8 mapping file for font encoding OML
Now handling font encoding T1 ...
... processing UTF-8 mapping file for font encodingT1

(/usr/share/texmf-texlive/tex/latex/base/t1enc.dfu
File: t1enc.dfu 2006/03/30 v1.1i UTF-8 support for inputenc
   defining Unicode char U+00A1 (decimal 161)
   defining Unicode char U+00A3 (decimal 163)
   defining Unicode char U+00AB (decimal 171)
   defining Unicode char U+00BB (decimal 187)
   defining Unicode char U+00BF (decimal 191)
   defining Unicode char U+00C0 (decimal 192)
   defining Unicode char U+00C1 (decimal 193)
   defining Unicode char U+00C2 (decimal 194)
   defining Unicode char U+00C3 (decimal 195)
   defining Unicode char U+00C4 (decimal 196)
   defining Unicode char U+00C5 (decimal 197)
   defining Unicode char U+00C6 (decimal 198)
   defining Unicode char U+00C7 (decimal 199)
   defining Unicode char U+00C8 (decimal 200)
   defining Unicode char U+00C9 (decimal 201)
   defining Unicode char U+00CA (decimal 202)
   defining Unicode char U+00CB (decimal 203)
   defining Unicode char U+00CC (decimal 204)
   defining Unicode char U+00CD (decimal 205)
   defining Unicode char U+00CE (decimal 206)
   defining Unicode char U+00CF (decimal 207)
   defining Unicode char U+00D0 (decimal 208)
   defining Unicode char U+00D1 (decimal 209)
   defining Unicode char U+00D2 (decimal 210)
   defining Unicode char U+00D3 (decimal 211)
   defining Unicode char U+00D4 (decimal 212)
   defining Unicode char U+00D5 (decimal 213)
   defining Unicode char U+00D6 (decimal 214)
   defining Unicode char U+00D8 (decimal 216)
   defining Unicode char U+00D9 (decimal 217)
   defining Unicode char U+00DA (decimal 218)
   defining Unicode char U+00DB (decimal 219)
   defining Unicode char U+00DC (decimal 220)
   defining Unicode char U+00DD (decimal 221)
   defining Unicode char U+00DE (decimal 222)
   defining Unicode char U+00DF (decimal 223)
   defining Unicode char U+00E0 (decimal 224)
   defining Unicode char U+00E1 (decimal 225)
   defining Unicode char U+00E2 (decimal 226)
   defining Unicode char U+00E3 (decimal 227)
   defining Unicode char U+00E4 (decimal 228)
   defining Unicode char U+00E5 (decimal 229)
   defining Unicode char U+00E6 (decimal 230)
   defining Unicode char U+00E7 (decimal 231)
   defining Unicode char U+00E8 (decimal 232)
   defining Unicode char U+00E9 (decimal 233)
   defining Unicode char U+00EA (decimal 234)
   defining Unicode char U+00EB (decimal 235)
   defining Unicode char U+00EC (decimal 236)
   defining Unicode char U+00ED (decimal 237)
   defining Unicode char U+00EE (decimal 238)
   defining Unicode char U+00EF (decimal 239)
   defining Unicode char U+00F0 (decimal 240)
   defining Unicode char U+00F1 (decimal 241)
   defining Unicode char U+00F2 (decimal 242)
   defining Unicode char U+00F3 (decimal 243)
   defining Unicode char U+00F4 (decimal 244)
   defining Unicode char U+00F5 (decimal 245)
   defining Unicode char U+00F6 (decimal 246)
   defining Unicode char U+00F8 (decimal 248)
   defining Unicode char U+00F9 (decimal 249)
   defining Unicode char U+00FA (decimal 250)
   defining Unicode char U+00FB (decimal 251)
   defining Unicode char U+00FC (decimal 252)
   defining Unicode char U+00FD (decimal 253)
   defining Unicode char U+00FE (decimal 254)
   defining Unicode char U+00FF (decimal 255)
   defining Unicode char U+0102 (decimal 258)
   defining Unicode char U+0103 (decimal 259)
   defining Unicode char U+0104 (decimal 260)
   defining Unicode char U+0105 (decimal 261)
   defining Unicode char U+0106 (decimal 262)
   defining Unicode char U+0107 (decimal 263)
   defining Unicode char U+010C (decimal 268)
   defining Unicode char U+010D (decimal 269)
   defining Unicode char U+010E (decimal 270)
   defining Unicode char U+010F (decimal 271)
   defining Unicode char U+0110 (decimal 272)
   defining Unicode char U+0111 (decimal 273)
   defining Unicode char U+0118 (decimal 280)
   defining Unicode char U+0119 (decimal 281)
   defining Unicode char U+011A (decimal 282)
   defining Unicode char U+011B (decimal 283)
   defining Unicode char U+011E (decimal 286)
   defining Unicode char U+011F (decimal 287)
   defining Unicode char U+0130 (decimal 304)
   defining Unicode char U+0131 (decimal 305)
   defining Unicode char U+0132 (decimal 306)
   defining Unicode char U+0133 (decimal 307)
   defining Unicode char U+0139 (decimal 313)
   defining Unicode char U+013A (decimal 314)
   defining Unicode char U+013D (decimal 317)
   defining Unicode char U+013E (decimal 318)
   defining Unicode char U+0141 (decimal 321)
   defining Unicode char U+0142 (decimal 322)
   defining Unicode char U+0143 (decimal 323)
   defining Unicode char U+0144 (decimal 324)
   defining Unicode char U+0147 (decimal 327)
   defining Unicode char U+0148 (decimal 328)
   defining Unicode char U+014A (decimal 330)
   defining Unicode char U+014B (decimal 331)
   defining Unicode char U+0150 (decimal 336)
   defining Unicode char U+0151 (decimal 337)
   defining Unicode char U+0152 (decimal 338)
   defining Unicode char U+0153 (decimal 339)
   defining Unicode char U+0154 (decimal 340)
   defining Unicode char U+0155 (decimal 341)
   defining Unicode char U+0158 (decimal 344)
   defining Unicode char U+0159 (decimal 345)
   defining Unicode char U+015A (decimal 346)
   defining Unicode char U+015B (decimal 347)
   defining Unicode char U+015E (decimal 350)
   defining Unicode char U+015F (decimal 351)
   defining Unicode char U+0160 (decimal 352)
   defining Unicode char U+0161 (decimal 353)
   defining Unicode char U+0162 (decimal 354)
   defining Unicode char U+0163 (decimal 355)
   defining Unicode char U+0164 (decimal 356)
   defining Unicode char U+0165 (decimal 357)
   defining Unicode char U+016E (decimal 366)
   defining Unicode char U+016F (decimal 367)
   defining Unicode char U+0170 (decimal 368)
   defining Unicode char U+0171 (decimal 369)
   defining Unicode char U+0178 (decimal 376)
   defining Unicode char U+0179 (decimal 377)
   defining Unicode char U+017A (decimal 378)
   defining Unicode char U+017B (decimal 379)
   defining Unicode char U+017C (decimal 380)
   defining Unicode char U+017D (decimal 381)
   defining Unicode char U+017E (decimal 382)
   defining Unicode char U+200C (decimal 8204)
   defining Unicode char U+2013 (decimal 8211)
   defining Unicode char U+2014 (decimal 8212)
   defining Unicode char U+2018 (decimal 8216)
   defining Unicode char U+2019 (decimal 8217)
   defining Unicode char U+201A (decimal 8218)
   defining Unicode char U+201C (decimal 8220)
   defining Unicode char U+201D (decimal 8221)
   defining Unicode char U+201E (decimal 8222)
   defining Unicode char U+2030 (decimal 8240)
   defining Unicode char U+2031 (decimal 8241)
   defining Unicode char U+2039 (decimal 8249)
   defining Unicode char U+203A (decimal 8250)
   defining Unicode char U+2423 (decimal 9251)
)
Now handling font encoding OT1 ...
... processing UTF-8 mapping file for font encodingOT1

(/usr/share/texmf-texlive/tex/latex/base/ot1enc.dfu
File: ot1enc.dfu 2006/03/30 v1.1i UTF-8 support for inputenc
   defining Unicode char U+00A1 (decimal 161)
   defining Unicode char U+00A3 (decimal 163)
   defining Unicode char U+00B8 (decimal 184)
   defining Unicode char U+00BF (decimal 191)
   defining Unicode char U+00C5 (decimal 197)
   defining Unicode char U+00C6 (decimal 198)
   defining Unicode char U+00D8 (decimal 216)
   defining Unicode char U+00DF (decimal 223)
   defining Unicode char U+00E6 (decimal 230)
   defining Unicode char U+00EC (decimal 236)
   defining Unicode char U+00ED (decimal 237)
   defining Unicode char U+00EE (decimal 238)
   defining Unicode char U+00EF (decimal 239)
   defining Unicode char U+00F8 (decimal 248)
   defining Unicode char U+0131 (decimal 305)
   defining Unicode char U+0141 (decimal 321)
   defining Unicode char U+0142 (decimal 322)
   defining Unicode char U+0152 (decimal 338)
   defining Unicode char U+0153 (decimal 339)
   defining Unicode char U+2013 (decimal 8211)
   defining Unicode char U+2014 (decimal 8212)
   defining Unicode char U+2018 (decimal 8216)
   defining Unicode char U+2019 (decimal 8217)
   defining Unicode char U+201C (decimal 8220)
   defining Unicode char U+201D (decimal 8221)
)
Now handling font encoding OMS ...
... processing UTF-8 mapping file for font encodingOMS

(/usr/share/texmf-texlive/tex/latex/base/omsenc.dfu
File: omsenc.dfu 2006/03/30 v1.1i UTF-8 support for inputenc
   defining Unicode char U+00A7 (decimal 167)
   defining Unicode char U+00B6 (decimal 182)
   defining Unicode char U+00B7 (decimal 183)
   defining Unicode char U+2020 (decimal 8224)
   defining Unicode char U+2021 (decimal 8225)
   defining Unicode char U+2022 (decimal 8226)
)
Now handling font encoding OMX ...
... no UTF-8 mapping file for font encoding OMX
Now handling font encoding U ...
... no UTF-8 mapping file for font encoding U
Now handling font encoding TS1 ...
... processing UTF-8 mapping file for font encodingTS1

(/usr/share/texmf-texlive/tex/latex/base/ts1enc.dfu
File: ts1enc.dfu 2006/03/30 v1.1i UTF-8 support for inputenc
   defining Unicode char U+00A2 (decimal 162)
   defining Unicode char U+00A3 (decimal 163)
   defining Unicode char U+00A4 (decimal 164)
   defining Unicode char U+00A5 (decimal 165)
   defining Unicode char U+00A6 (decimal 166)
   defining Unicode char U+00A7 (decimal 167)
   defining Unicode char U+00A8 (decimal 168)
   defining Unicode char U+00A9 (decimal 169)
   defining Unicode char U+00AA (decimal 170)
   defining Unicode char U+00AC (decimal 172)
   defining Unicode char U+00AE (decimal 174)
   defining Unicode char U+00AF (decimal 175)
   defining Unicode char U+00B0 (decimal 176)
   defining Unicode char U+00B1 (decimal 177)
   defining Unicode char U+00B2 (decimal 178)
   defining Unicode char U+00B3 (decimal 179)
   defining Unicode char U+00B4 (decimal 180)
   defining Unicode char U+00B5 (decimal 181)
   defining Unicode char U+00B6 (decimal 182)
   defining Unicode char U+00B7 (decimal 183)
   defining Unicode char U+00B9 (decimal 185)
   defining Unicode char U+00BA (decimal 186)
   defining Unicode char U+00BC (decimal 188)
   defining Unicode char U+00BD (decimal 189)
   defining Unicode char U+00BE (decimal 190)
   defining Unicode char U+00D7 (decimal 215)
   defining Unicode char U+00F7 (decimal 247)
   defining Unicode char U+0192 (decimal 402)
   defining Unicode char U+02C7 (decimal 711)
   defining Unicode char U+02D8 (decimal 728)
   defining Unicode char U+02DD (decimal 733)
   defining Unicode char U+0E3F (decimal 3647)
   defining Unicode char U+2016 (decimal 8214)
   defining Unicode char U+2020 (decimal 8224)
   defining Unicode char U+2021 (decimal 8225)
   defining Unicode char U+2022 (decimal 8226)
   defining Unicode char U+2030 (decimal 8240)
   defining Unicode char U+2031 (decimal 8241)
   defining Unicode char U+203B (decimal 8251)
   defining Unicode char U+203D (decimal 8253)
   defining Unicode char U+2044 (decimal 8260)
   defining Unicode char U+204E (decimal 8270)
   defining Unicode char U+2052 (decimal 8274)
   defining Unicode char U+20A1 (decimal 8353)
   defining Unicode char U+20A4 (decimal 8356)
   defining Unicode char U+20A6 (decimal 8358)
   defining Unicode char U+20A9 (decimal 8361)
   defining Unicode char U+20AB (decimal 8363)
   defining Unicode char U+20AC (decimal 8364)
   defining Unicode char U+20B1 (decimal 8369)
   defining Unicode char U+2103 (decimal 8451)
   defining Unicode char U+2116 (decimal 8470)
   defining Unicode char U+2117 (decimal 8471)
   defining Unicode char U+211E (decimal 8478)
   defining Unicode char U+2120 (decimal 8480)
   defining Unicode char U+2122 (decimal 8482)
   defining Unicode char U+2126 (decimal 8486)
   defining Unicode char U+2127 (decimal 8487)
   defining Unicode char U+212E (decimal 8494)
   defining Unicode char U+2190 (decimal 8592)
   defining Unicode char U+2191 (decimal 8593)
   defining Unicode char U+2192 (decimal 8594)
   defining Unicode char U+2193 (decimal 8595)
   defining Unicode char U+2329 (decimal 9001)
   defining Unicode char U+232A (decimal 9002)
   defining Unicode char U+2422 (decimal 9250)
   defining Unicode char U+25E6 (decimal 9702)
   defining Unicode char U+25EF (decimal 9711)
   defining Unicode char U+266A (decimal 9834)
)
Now handling font encoding PD1 ...
... no UTF-8 mapping file for font encoding PD1
Now handling font encoding PU ...
... no UTF-8 mapping file for font encoding PU
   defining Unicode char U+00A9 (decimal 169)
   defining Unicode char U+00AA (decimal 170)
   defining Unicode char U+00AE (decimal 174)
   defining Unicode char U+00BA (decimal 186)
   defining Unicode char U+02C6 (decimal 710)
   defining Unicode char U+02DC (decimal 732)
   defining Unicode char U+200C (decimal 8204)
   defining Unicode char U+2026 (decimal 8230)
   defining Unicode char U+2122 (decimal 8482)
   defining Unicode char U+2423 (decimal 9251)
)) (./doxygen.sty
Package: doxygen 

(/usr/share/texmf-texlive/tex/latex/tools/calc.sty
Package: calc 2005/08/06 v4.2 Infix arithmetic (KKT,FJ)
\calc@Acount=\count104
\calc@Bcount=\count105
\calc@Adimen=\dimen116
\calc@Bdimen=\dimen117
\calc@Askip=\skip54
\calc@Bskip=\skip55
LaTeX Info: Redefining \setlength on input line 75.
LaTeX Info: Redefining \addtolength on input line 76.
\calc@Ccount=\count106
\calc@Cskip=\skip56
)
(/usr/share/texmf-texlive/tex/latex/tools/array.sty
Package: array 2005/08/23 v2.4b Tabular extension package (FMi)
\col@sep=\dimen118
\extrarowheight=\dimen119
\NC@list=\toks21
\extratabsurround=\skip57
\backup@length=\skip58
)
\tmplength=\skip59

(/usr/share/texmf-texlive/tex/latex/base/fontenc.sty
Package: fontenc 2005/09/27 v1.99g Standard LaTeX package

(/usr/share/texmf-texlive/tex/latex/base/t1enc.def
File: t1enc.def 2005/09/27 v1.99g Standard LaTeX file
LaTeX Font Info:    Redeclaring font encoding T1 on input line 43.
)))
\@indexfile=\write3
\openout3 = `refman.idx'.


Writing index file refman.idx
(./refman.aux

LaTeX Warning: Label `todo__todo000004' multiply defined.

)
\openout1 = `refman.aux'.

LaTeX Font Info:    Checking defaults for OML/cmm/m/it on input line 33.
LaTeX Font Info:    ... okay on input line 33.
LaTeX Font Info:    Checking defaults for T1/cmr/m/n on input line 33.
LaTeX Font Info:    ... okay on input line 33.
LaTeX Font Info:    Checking defaults for OT1/cmr/m/n on input line 33.
LaTeX Font Info:    ... okay on input line 33.
LaTeX Font Info:    Checking defaults for OMS/cmsy/m/n on input line 33.
LaTeX Font Info:    ... okay on input line 33.
LaTeX Font Info:    Checking defaults for OMX/cmex/m/n on input line 33.
LaTeX Font Info:    ... okay on input line 33.
LaTeX Font Info:    Checking defaults for U/cmr/m/n on input line 33.
LaTeX Font Info:    ... okay on input line 33.
LaTeX Font Info:    Checking defaults for TS1/cmr/m/n on input line 33.
LaTeX Font Info:    Try loading font information for TS1+cmr on input line 33.
 (/usr/share/texmf-texlive/tex/latex/base/ts1cmr.fd
File: ts1cmr.fd 1999/05/25 v2.5h Standard LaTeX font definitions
)
LaTeX Font Info:    ... okay on input line 33.
LaTeX Font Info:    Checking defaults for PD1/pdf/m/n on input line 33.
LaTeX Font Info:    ... okay on input line 33.
LaTeX Font Info:    Checking defaults for PU/pdf/m/n on input line 33.
LaTeX Font Info:    ... okay on input line 33.
LaTeX Font Info:    Try loading font information for T1+ptm on input line 33.

(/usr/share/texmf-texlive/tex/latex/psnfss/t1ptm.fd
File: t1ptm.fd 2001/06/04 font definitions for T1/ptm.
)
(/usr/share/texmf-texlive/tex/latex/graphics/color.sty
Package: color 2005/11/14 v1.0j Standard LaTeX Color (DPC)

(/etc/texmf/tex/latex/config/color.cfg
File: color.cfg 2007/01/18 v1.5 color configuration of teTeX/TeXLive
)
Package color Info: Driver file: pdftex.def on input line 130.
)
Package hyperref Info: Link coloring ON on input line 33.

(/usr/share/texmf-texlive/tex/latex/hyperref/nameref.sty
Package: nameref 2006/12/27 v2.28 Cross-referencing by name of section

(/usr/share/texmf-texlive/tex/latex/oberdiek/refcount.sty
Package: refcount 2006/02/20 v3.0 Data extraction from references (HO)
)
\c@section@level=\count107
)
LaTeX Info: Redefining \ref on input line 33.
LaTeX Info: Redefining \pageref on input line 33.
 (./refman.out)
(./refman.out)
\@outlinefile=\write4
\openout4 = `refman.out'.

 [1

{/var/lib/texmf/fonts/map/pdftex/updmap/pdftex.map}]
LaTeX Font Info:    Font shape `T1/ptm/bx/n' in size <14.4> not available
(Font)              Font shape `T1/ptm/b/n' tried instead on input line 45.

(./refman.toc
LaTeX Font Info:    Font shape `T1/ptm/bx/n' in size <10> not available
(Font)              Font shape `T1/ptm/b/n' tried instead on input line 1.
LaTeX Font Info:    External font `cmex10' loaded for size
(Font)              <7> on input line 3.
LaTeX Font Info:    External font `cmex10' loaded for size
(Font)              <5> on input line 3.
LaTeX Font Info:    Font shape `T1/ptm/bx/n' in size <7> not available
(Font)              Font shape `T1/ptm/b/n' tried instead on input line 45.
 [1] [2] [3] [4]
Overfull \hbox (33.89896pt too wide) in paragraph at lines 187--187
 [][] [][][]\T1/ptm/m/n/10 /home/luiggi/Documents/Research/Meshless_-RBF/NEW/RB
FSoft/examples/01TestKnots/box.cpp 
 []


Overfull \hbox (33.89868pt too wide) in paragraph at lines 189--189
 [][] [][][]\T1/ptm/m/n/10 /home/luiggi/Documents/Research/Meshless_-RBF/NEW/RB
FSoft/examples/01TestKnots/line.cpp 
 []


Overfull \hbox (55.54846pt too wide) in paragraph at lines 191--191
 [][] [][][]\T1/ptm/m/n/10 /home/luiggi/Documents/Research/Meshless_-RBF/NEW/RB
FSoft/examples/01TestKnots/rectangle.cpp 
 []


Overfull \hbox (46.93848pt too wide) in paragraph at lines 193--193
 [][] [][][]\T1/ptm/m/n/10 /home/luiggi/Documents/Research/Meshless_-RBF/NEW/RB
FSoft/examples/01TestKnots/rectangle_- 
 []


Overfull \hbox (59.99814pt too wide) in paragraph at lines 195--195
 [][] [][][]\T1/ptm/m/n/10 /home/luiggi/Documents/Research/Meshless_-RBF/NEW/RB
FSoft/examples/01TestKnots/semicircle.cpp 
 []


Overfull \hbox (38.4689pt too wide) in paragraph at lines 197--197
 [][] [][][]\T1/ptm/m/n/10 /home/luiggi/Documents/Research/Meshless_-RBF/NEW/RB
FSoft/examples/02Heat2D/heat2D.cpp 
 []


Overfull \hbox (77.91779pt too wide) in paragraph at lines 199--199
 [][] [][][]\T1/ptm/m/n/10 /home/luiggi/Documents/Research/Meshless_-RBF/NEW/RB
FSoft/examples/03HeatSemiCircle/heatsemi.cpp 
 []


Overfull \hbox (71.61902pt too wide) in paragraph at lines 201--201
 [][] [][][]\T1/ptm/m/n/10 /home/luiggi/Documents/Research/Meshless_-RBF/NEW/RB
FSoft/examples/04ConvDiff1D/convdiff01.cpp 
 []


Overfull \hbox (73.83899pt too wide) in paragraph at lines 203--203
 [][] [][][]\T1/ptm/m/n/10 /home/luiggi/Documents/Research/Meshless_-RBF/NEW/RB
FSoft/examples/05ConvDiff2D/convdiff2D.cpp 
 []


Overfull \hbox (21.69897pt too wide) in paragraph at lines 205--205
 [][] [][][]\T1/ptm/m/n/10 /home/luiggi/Documents/Research/Meshless_-RBF/NEW/RB
FSoft/examples/07LidDriven/lid_- 
 []


Overfull \hbox (112.54832pt too wide) in paragraph at lines 207--207
 [][] [][][]\T1/ptm/m/n/10 /home/luiggi/Documents/Research/Meshless_-RBF/NEW/RB
FSoft/examples/08BackwardFacingStep/backfacing2.cpp 
 []


Overfull \hbox (30.45866pt too wide) in paragraph at lines 209--209
 [][] [][][]\T1/ptm/m/n/10 /home/luiggi/Documents/Research/Meshless_-RBF/NEW/RB
FSoft/include/kdtree++/accessor.hpp 
 []


Overfull \hbox (31.57861pt too wide) in paragraph at lines 211--211
 [][] [][][]\T1/ptm/m/n/10 /home/luiggi/Documents/Research/Meshless_-RBF/NEW/RB
FSoft/include/kdtree++/allocator.hpp 
 []

[5]
Overfull \hbox (25.46863pt too wide) in paragraph at lines 213--213
 [][] [][][]\T1/ptm/m/n/10 /home/luiggi/Documents/Research/Meshless_-RBF/NEW/RB
FSoft/include/kdtree++/iterator.hpp 
 []


Overfull \hbox (22.12881pt too wide) in paragraph at lines 215--215
 [][] [][][]\T1/ptm/m/n/10 /home/luiggi/Documents/Research/Meshless_-RBF/NEW/RB
FSoft/include/kdtree++/kdtree.hpp 
 []


Overfull \hbox (16.57903pt too wide) in paragraph at lines 217--217
 [][] [][][]\T1/ptm/m/n/10 /home/luiggi/Documents/Research/Meshless_-RBF/NEW/RB
FSoft/include/kdtree++/node.hpp 
 []


Overfull \hbox (22.53897pt too wide) in paragraph at lines 219--219
 [][] [][][]\T1/ptm/m/n/10 /home/luiggi/Documents/Research/Meshless_-RBF/NEW/RB
FSoft/include/kdtree++/region.hpp 
 []


Overfull \hbox (46.11877pt too wide) in paragraph at lines 221--221
 [][] [][][]\T1/ptm/m/n/10 /home/luiggi/Documents/Research/Meshless_-RBF/NEW/RB
FSoft/include/Solvers/Krylov/gmres.hpp 
 []

)
\tf@toc=\write5
\openout5 = `refman.toc'.

 (./todo.tex
Overfull \hbox (5.85956pt too wide) in paragraph at lines 12--12
[]
 []


Overfull \hbox (5.85956pt too wide) in paragraph at lines 18--18
[]
 []

) (./namespaces.tex
LaTeX Font Info:    Font shape `T1/ptm/bx/n' in size <12> not available
(Font)              Font shape `T1/ptm/b/n' tried instead on input line 1.
pdfTeX warning (ext4): destination with the same identifier (name{page.1}) has 
been already used, duplicate ignored
<to be read again> 
                   \relax 
l.3 \item\contentsline
                      {section}{\hyperlink{namespaceflens}{flens} (GMRES, pr...
[1pdfTeX warning (ext4): destination with the same identifier (name{todo__todo0
00004}) has been already used, duplicate ignored
<to be read again> 
                   \endgroup \set@typeset@protect 
l.3 \item\contentsline
                      {section}{\hyperlink{namespaceflens}{flens} (GMRES, pr...
]) (./hierarchy.tex [2] [3]) (./annotated.tex [4] [5]) (./files.tex
Overfull \hbox (17.65527pt too wide) in paragraph at lines 3--3
 [] \T1/ptm/b/n/10 /home/luiggi/Documents/Research/Meshless_-RBF/NEW/RBFSoft/ex
amples/01TestKnots/[][]box.cpp[][] 
 []


Overfull \hbox (17.655pt too wide) in paragraph at lines 4--4
 [] \T1/ptm/b/n/10 /home/luiggi/Documents/Research/Meshless_-RBF/NEW/RBFSoft/ex
amples/01TestKnots/[][]line.cpp[][] 
 []


Overfull \hbox (41.34496pt too wide) in paragraph at lines 5--5
 [] \T1/ptm/b/n/10 /home/luiggi/Documents/Research/Meshless_-RBF/NEW/RBFSoft/ex
amples/01TestKnots/[][]rectangle.cpp[][] 
 []


Overfull \hbox (31.6151pt too wide) in paragraph at lines 6--6
 [] \T1/ptm/b/n/10 /home/luiggi/Documents/Research/Meshless_-RBF/NEW/RBFSoft/ex
amples/01TestKnots/[][]rectangle_- 
 []


Overfull \hbox (44.67464pt too wide) in paragraph at lines 7--7
 [] \T1/ptm/b/n/10 /home/luiggi/Documents/Research/Meshless_-RBF/NEW/RBFSoft/ex
amples/01TestKnots/[][]semicircle.cpp[][] 
 []


Overfull \hbox (22.2455pt too wide) in paragraph at lines 8--8
 [] \T1/ptm/b/n/10 /home/luiggi/Documents/Research/Meshless_-RBF/NEW/RBFSoft/ex
amples/02Heat2D/[][]heat2D.cpp[][] 
 []


Overfull \hbox (64.47456pt too wide) in paragraph at lines 9--9
 [] \T1/ptm/b/n/10 /home/luiggi/Documents/Research/Meshless_-RBF/NEW/RBFSoft/ex
amples/03HeatSemiCircle/[][]heatsemi.cpp[][] 
 []


Overfull \hbox (54.98529pt too wide) in paragraph at lines 10--10
 [] \T1/ptm/b/n/10 /home/luiggi/Documents/Research/Meshless_-RBF/NEW/RBFSoft/ex
amples/04ConvDiff1D/[][]convdiff01.cpp[][] 
 []


Overfull \hbox (57.00531pt too wide) in paragraph at lines 11--11
 [] \T1/ptm/b/n/10 /home/luiggi/Documents/Research/Meshless_-RBF/NEW/RBFSoft/ex
amples/05ConvDiff2D/[][]convdiff2D.cpp[][] 
 []


Overfull \hbox (4.7652pt too wide) in paragraph at lines 12--12
 [] \T1/ptm/b/n/10 /home/luiggi/Documents/Research/Meshless_-RBF/NEW/RBFSoft/ex
amples/07LidDriven/[][]lid_- 
 []

[6]
Overfull \hbox (102.2146pt too wide) in paragraph at lines 13--13
 [] \T1/ptm/b/n/10 /home/luiggi/Documents/Research/Meshless_-RBF/NEW/RBFSoft/ex
amples/08BackwardFacingStep/[][]backfacing2.cpp[][] 
 []


LaTeX Warning: Reference `GNUplot_8hpp' on page 7 undefined on input line 14.


LaTeX Warning: Reference `CartComm_8hpp' on page 7 undefined on input line 16.


Overfull \hbox (5.23549pt too wide) in paragraph at lines 16--16
 [] \T1/ptm/b/n/10 /home/luiggi/Documents/Research/Meshless_-RBF/NEW/RBFSoft/in
clude/DD/CartComm.hpp 
 []


Underfull \hbox (badness 10000) in paragraph at lines 16--16
 []  
 []


Overfull \hbox (15.45493pt too wide) in paragraph at lines 17--17
 [] \T1/ptm/b/n/10 /home/luiggi/Documents/Research/Meshless_-RBF/NEW/RBFSoft/in
clude/kdtree++/[][]accessor.hpp[][] 
 []


Underfull \hbox (badness 10000) in paragraph at lines 17--17
 []  
 []


Overfull \hbox (17.685pt too wide) in paragraph at lines 18--18
 [] \T1/ptm/b/n/10 /home/luiggi/Documents/Research/Meshless_-RBF/NEW/RBFSoft/in
clude/kdtree++/[][]allocator.hpp[][] 
 []


Underfull \hbox (badness 10000) in paragraph at lines 18--18
 []  
 []


Overfull \hbox (12.675pt too wide) in paragraph at lines 19--19
 [] \T1/ptm/b/n/10 /home/luiggi/Documents/Research/Meshless_-RBF/NEW/RBFSoft/in
clude/kdtree++/[][]iterator.hpp[][] 
 []


Underfull \hbox (badness 10000) in paragraph at lines 19--19
 []  
 []


Overfull \hbox (8.50511pt too wide) in paragraph at lines 20--20
 [] \T1/ptm/b/n/10 /home/luiggi/Documents/Research/Meshless_-RBF/NEW/RBFSoft/in
clude/kdtree++/[][]kdtree.hpp[][] 
 []


Underfull \hbox (badness 10000) in paragraph at lines 20--20
 []  
 []


Overfull \hbox (1.4752pt too wide) in paragraph at lines 21--21
 [] \T1/ptm/b/n/10 /home/luiggi/Documents/Research/Meshless_-RBF/NEW/RBFSoft/in
clude/kdtree++/[][]node.hpp[][] 
 []


Underfull \hbox (badness 10000) in paragraph at lines 21--21
 []  
 []


Overfull \hbox (7.95517pt too wide) in paragraph at lines 22--22
 [] \T1/ptm/b/n/10 /home/luiggi/Documents/Research/Meshless_-RBF/NEW/RBFSoft/in
clude/kdtree++/[][]region.hpp[][] 
 []


Underfull \hbox (badness 10000) in paragraph at lines 22--22
 []  
 []


LaTeX Warning: Reference `BoxKnots_8hpp' on page 7 undefined on input line 23.


Overfull \hbox (9.71507pt too wide) in paragraph at lines 23--23
 [] \T1/ptm/b/n/10 /home/luiggi/Documents/Research/Meshless_-RBF/NEW/RBFSoft/in
clude/Knots/BoxKnots.hpp 
 []


Underfull \hbox (badness 10000) in paragraph at lines 23--23
 []  
 []


LaTeX Warning: Reference `knot1D_8hpp' on page 7 undefined on input line 24.


Underfull \hbox (badness 10000) in paragraph at lines 24--24
 [] \T1/ptm/b/n/10 /home/luiggi/Documents/Research/Meshless_-RBF/NEW/RBFSoft/in
clude/Knots/knot1D.hpp 
 []


Underfull \hbox (badness 10000) in paragraph at lines 24--24
 []  
 []


LaTeX Warning: Reference `knot2D_8hpp' on page 7 undefined on input line 25.


Underfull \hbox (badness 10000) in paragraph at lines 25--25
 [] \T1/ptm/b/n/10 /home/luiggi/Documents/Research/Meshless_-RBF/NEW/RBFSoft/in
clude/Knots/knot2D.hpp 
 []


Underfull \hbox (badness 10000) in paragraph at lines 25--25
 []  
 []


LaTeX Warning: Reference `knot3D_8hpp' on page 7 undefined on input line 26.


Underfull \hbox (badness 10000) in paragraph at lines 26--26
 [] \T1/ptm/b/n/10 /home/luiggi/Documents/Research/Meshless_-RBF/NEW/RBFSoft/in
clude/Knots/knot3D.hpp 
 []


Underfull \hbox (badness 10000) in paragraph at lines 26--26
 []  
 []


LaTeX Warning: Reference `Knots_8hpp' on page 7 undefined on input line 27.


LaTeX Warning: Reference `LineKnots_8hpp' on page 7 undefined on input line 28.



Overfull \hbox (12.49484pt too wide) in paragraph at lines 28--28
 [] \T1/ptm/b/n/10 /home/luiggi/Documents/Research/Meshless_-RBF/NEW/RBFSoft/in
clude/Knots/LineKnots.hpp 
 []


Underfull \hbox (badness 10000) in paragraph at lines 28--28
 []  
 []


LaTeX Warning: Reference `OVRectangleKnots_8hpp' on page 7 undefined on input l
ine 29.


Overfull \hbox (49.75458pt too wide) in paragraph at lines 29--29
 [] \T1/ptm/b/n/10 /home/luiggi/Documents/Research/Meshless_-RBF/NEW/RBFSoft/in
clude/Knots/OVRectangleKnots.hpp 
 []


Underfull \hbox (badness 10000) in paragraph at lines 29--29
 []  
 []


LaTeX Warning: Reference `PARectangleKnots_8hpp' on page 7 undefined on input l
ine 30.


Overfull \hbox (47.84468pt too wide) in paragraph at lines 30--30
 [] \T1/ptm/b/n/10 /home/luiggi/Documents/Research/Meshless_-RBF/NEW/RBFSoft/in
clude/Knots/PARectangleKnots.hpp 
 []


Underfull \hbox (badness 10000) in paragraph at lines 30--30
 []  
 []


LaTeX Warning: Reference `RectangleKnots_8hpp' on page 7 undefined on input lin
e 31.


Overfull \hbox (35.25473pt too wide) in paragraph at lines 31--31
 [] \T1/ptm/b/n/10 /home/luiggi/Documents/Research/Meshless_-RBF/NEW/RBFSoft/in
clude/Knots/RectangleKnots.hpp 
 []


Underfull \hbox (badness 10000) in paragraph at lines 31--31
 []  
 []


LaTeX Warning: Reference `RectBlocksKnots_8hpp' on page 7 undefined on input li
ne 32.


Overfull \hbox (40.81454pt too wide) in paragraph at lines 32--32
 [] \T1/ptm/b/n/10 /home/luiggi/Documents/Research/Meshless_-RBF/NEW/RBFSoft/in
clude/Knots/RectBlocksKnots.hpp 
 []


Underfull \hbox (badness 10000) in paragraph at lines 32--32
 []  
 []

[7]

LaTeX Warning: Reference `SemiCircleKnots_8hpp' on page 8 undefined on input li
ne 33.


Overfull \hbox (40.07452pt too wide) in paragraph at lines 33--33
 [] \T1/ptm/b/n/10 /home/luiggi/Documents/Research/Meshless_-RBF/NEW/RBFSoft/in
clude/Knots/SemiCircleKnots.hpp 
 []


Underfull \hbox (badness 10000) in paragraph at lines 33--33
 []  
 []


LaTeX Warning: Reference `MQ_8hpp' on page 8 undefined on input line 34.


LaTeX Warning: Reference `RBF_8hpp' on page 8 undefined on input line 35.


LaTeX Warning: Reference `TPS_8hpp' on page 8 undefined on input line 36.


LaTeX Warning: Reference `Gauss_8hpp' on page 8 undefined on input line 37.


Underfull \hbox (badness 10000) in paragraph at lines 37--37
 [] \T1/ptm/b/n/10 /home/luiggi/Documents/Research/Meshless_-RBF/NEW/RBFSoft/in
clude/Solvers/Gauss.hpp 
 []


Underfull \hbox (badness 10000) in paragraph at lines 37--37
 []  
 []


LaTeX Warning: Reference `acbfprec_8hpp' on page 8 undefined on input line 38.


Overfull \hbox (42.6447pt too wide) in paragraph at lines 38--38
 [] \T1/ptm/b/n/10 /home/luiggi/Documents/Research/Meshless_-RBF/NEW/RBFSoft/in
clude/Solvers/Krylov/acbfprec.hpp 
 []


Underfull \hbox (badness 10000) in paragraph at lines 38--38
 []  
 []


LaTeX Warning: Reference `diagonalprec_8hpp' on page 8 undefined on input line 
39.


Overfull \hbox (60.99452pt too wide) in paragraph at lines 39--39
 [] \T1/ptm/b/n/10 /home/luiggi/Documents/Research/Meshless_-RBF/NEW/RBFSoft/in
clude/Solvers/Krylov/diagonalprec.hpp 
 []


Underfull \hbox (badness 10000) in paragraph at lines 39--39
 []  
 []


Overfull \hbox (31.53484pt too wide) in paragraph at lines 40--40
 [] \T1/ptm/b/n/10 /home/luiggi/Documents/Research/Meshless_-RBF/NEW/RBFSoft/in
clude/Solvers/Krylov/[][]gmres.hpp[][] 
 []


LaTeX Warning: Reference `identityprec_8hpp' on page 8 undefined on input line 
41.


Overfull \hbox (57.09438pt too wide) in paragraph at lines 41--41
 [] \T1/ptm/b/n/10 /home/luiggi/Documents/Research/Meshless_-RBF/NEW/RBFSoft/in
clude/Solvers/Krylov/identityprec.hpp 
 []


Underfull \hbox (badness 10000) in paragraph at lines 41--41
 []  
 []

) (./namespaceflens.tex
LaTeX Font Info:    Try loading font information for TS1+ptm on input line 11.
 (/usr/share/texmf-texlive/tex/latex/psnfss/ts1ptm.fd
File: ts1ptm.fd 2001/06/04 font definitions for TS1/ptm.
)
LaTeX Font Info:    External font `cmex10' loaded for size
(Font)              <8> on input line 24.
LaTeX Font Info:    External font `cmex10' loaded for size
(Font)              <6> on input line 24.

[8]
LaTeX Font Info:    Font shape `T1/ptm/bx/it' in size <10> not available
(Font)              Font shape `T1/ptm/b/it' tried instead on input line 45.
LaTeX Font Info:    Try loading font information for T1+pcr on input line 45.
 (/usr/share/texmf-texlive/tex/latex/psnfss/t1pcr.fd
File: t1pcr.fd 2001/06/04 font definitions for T1/pcr.
) [9] [10])
(./namespaceKDTree.tex) (./namespaceRBF.tex [11] [12] [13] [14])
(./namespaceSolver.tex [15]) (./classBoxKnots.tex
LaTeX Font Info:    External font `cmex10' loaded for size
(Font)              <12> on input line 4.


Package hyperref Warning: Token not allowed in a PDFDocEncoded string,
(hyperref)                removing `math shift' on input line 4.


Package hyperref Warning: Token not allowed in a PDFDocEncoded string,
(hyperref)                removing `math shift' on input line 4.


Package hyperref Warning: Token not allowed in a PDFDocEncoded string,
(hyperref)                removing `math shift' on input line 4.


Package hyperref Warning: Token not allowed in a PDFDocEncoded string,
(hyperref)                removing `math shift' on input line 4.

<classBoxKnots.pdf, id=1485, 501.875pt x 173.05653pt>
File: classBoxKnots.pdf Graphic file (type pdf)
 <use classBoxKnots.pdf>
[16] [17 <./classBoxKnots.pdf>] [18]) (./classCartComm.tex [19])
(./classflens_1_1ACBFPrec.tex

Package hyperref Warning: Token not allowed in a PDFDocEncoded string,
(hyperref)                removing `math shift' on input line 4.


Package hyperref Warning: Token not allowed in a PDFDocEncoded string,
(hyperref)                removing `math shift' on input line 4.


Package hyperref Warning: Token not allowed in a PDFDocEncoded string,
(hyperref)                removing `math shift' on input line 4.


Package hyperref Warning: Token not allowed in a PDFDocEncoded string,
(hyperref)                removing `math shift' on input line 4.

[20]) (./classflens_1_1DiagonalPrec.tex

Package hyperref Warning: Token not allowed in a PDFDocEncoded string,
(hyperref)                removing `math shift' on input line 4.


Package hyperref Warning: Token not allowed in a PDFDocEncoded string,
(hyperref)                removing `math shift' on input line 4.


Package hyperref Warning: Token not allowed in a PDFDocEncoded string,
(hyperref)                removing `math shift' on input line 4.


Package hyperref Warning: Token not allowed in a PDFDocEncoded string,
(hyperref)                removing `math shift' on input line 4.

[21]) (./structflens_1_1gmres__.tex

Package hyperref Warning: Token not allowed in a PDFDocEncoded string,
(hyperref)                removing `math shift' on input line 4.


Package hyperref Warning: Token not allowed in a PDFDocEncoded string,
(hyperref)                removing `math shift' on input line 4.


Package hyperref Warning: Token not allowed in a PDFDocEncoded string,
(hyperref)                removing `math shift' on input line 4.


Package hyperref Warning: Token not allowed in a PDFDocEncoded string,
(hyperref)                removing `math shift' on input line 4.

) (./structflens_1_1gmres___3_01DenseVector_3_01I_01_4_01_4.tex

Package hyperref Warning: Token not allowed in a PDFDocEncoded string,
(hyperref)                removing `math shift' on input line 4.


Package hyperref Warning: Token not allowed in a PDFDocEncoded string,
(hyperref)                removing `math shift' on input line 4.


Package hyperref Warning: Token not allowed in a PDFDocEncoded string,
(hyperref)                removing `math shift' on input line 4.


Package hyperref Warning: Token not allowed in a PDFDocEncoded string,
(hyperref)                removing `math shift' on input line 4.


Package hyperref Warning: Token not allowed in a PDFDocEncoded string,
(hyperref)                removing `math shift' on input line 4.


Package hyperref Warning: Token not allowed in a PDFDocEncoded string,
(hyperref)                removing `math shift' on input line 4.


Package hyperref Warning: Token not allowed in a PDFDocEncoded string,
(hyperref)                removing `math shift' on input line 4.


Package hyperref Warning: Token not allowed in a PDFDocEncoded string,
(hyperref)                removing `math shift' on input line 4.

) (./classflens_1_1IdentityPrec.tex

Package hyperref Warning: Token not allowed in a PDFDocEncoded string,
(hyperref)                removing `math shift' on input line 4.


Package hyperref Warning: Token not allowed in a PDFDocEncoded string,
(hyperref)                removing `math shift' on input line 4.


Package hyperref Warning: Token not allowed in a PDFDocEncoded string,
(hyperref)                removing `math shift' on input line 4.


Package hyperref Warning: Token not allowed in a PDFDocEncoded string,
(hyperref)                removing `math shift' on input line 4.

) (./structknot1D.tex [22]) (./structknot2D.tex [23]) (./structknot3D.tex
[24]) (./classKnots.tex

Package hyperref Warning: Token not allowed in a PDFDocEncoded string,
(hyperref)                removing `math shift' on input line 4.


Package hyperref Warning: Token not allowed in a PDFDocEncoded string,
(hyperref)                removing `math shift' on input line 4.


Package hyperref Warning: Token not allowed in a PDFDocEncoded string,
(hyperref)                removing `math shift' on input line 4.


Package hyperref Warning: Token not allowed in a PDFDocEncoded string,
(hyperref)                removing `math shift' on input line 4.

[25] [26] [27]
Underfull \hbox (badness 2142) in paragraph at lines 148--149
[]\T1/ptm/m/n/10 Reimplemented in [][]BoxKnots$\OML/cmm/m/it/10 <$ \T1/ptm/m/n/
10 Tprec $\OML/cmm/m/it/10 >$[][]\T1/ptm/m/n/10 , [][]LineKnots$\OML/cmm/m/it/1
0 <$ \T1/ptm/m/n/10 Tprec $\OML/cmm/m/it/10 >$[][]\T1/ptm/m/n/10 , [][]OVRectan
gleKnots$\OML/cmm/m/it/10 <$ \T1/ptm/m/n/10 Tprec $\OML/cmm/m/it/10 >$[][]\T1/p
tm/m/n/10 ,
 []


Underfull \hbox (badness 4995) in paragraph at lines 148--149
[][]\T1/ptm/m/n/10 PARectangleKnots$\OML/cmm/m/it/10 <$ \T1/ptm/m/n/10 Tprec $\
OML/cmm/m/it/10 >$[][]\T1/ptm/m/n/10 , [][]RectangleKnots$\OML/cmm/m/it/10 <$ \
T1/ptm/m/n/10 Tprec $\OML/cmm/m/it/10 >$[][]\T1/ptm/m/n/10 , [][]RectBlocksKnot
s$\OML/cmm/m/it/10 <$ \T1/ptm/m/n/10 Tprec $\OML/cmm/m/it/10 >$[][]\T1/ptm/m/n/
10 , and
 []

[28] [29]) (./classLineKnots.tex

Package hyperref Warning: Token not allowed in a PDFDocEncoded string,
(hyperref)                removing `math shift' on input line 4.


Package hyperref Warning: Token not allowed in a PDFDocEncoded string,
(hyperref)                removing `math shift' on input line 4.


Package hyperref Warning: Token not allowed in a PDFDocEncoded string,
(hyperref)                removing `math shift' on input line 4.


Package hyperref Warning: Token not allowed in a PDFDocEncoded string,
(hyperref)                removing `math shift' on input line 4.

<classLineKnots.pdf, id=1774, 501.875pt x 170.8483pt>
File: classLineKnots.pdf Graphic file (type pdf)
 <use classLineKnots.pdf>
[30 <./classLineKnots.pdf>] [31]) (./classOVRectangleKnots.tex

Package hyperref Warning: Token not allowed in a PDFDocEncoded string,
(hyperref)                removing `math shift' on input line 4.


Package hyperref Warning: Token not allowed in a PDFDocEncoded string,
(hyperref)                removing `math shift' on input line 4.


Package hyperref Warning: Token not allowed in a PDFDocEncoded string,
(hyperref)                removing `math shift' on input line 4.


Package hyperref Warning: Token not allowed in a PDFDocEncoded string,
(hyperref)                removing `math shift' on input line 4.

<classOVRectangleKnots.pdf, id=1811, 501.875pt x 140.38448pt>
File: classOVRectangleKnots.pdf Graphic file (type pdf)

<use classOVRectangleKnots.pdf> [32 <./classOVRectangleKnots.pdf>] [33])
(./classPARectangleKnots.tex

Package hyperref Warning: Token not allowed in a PDFDocEncoded string,
(hyperref)                removing `math shift' on input line 4.


Package hyperref Warning: Token not allowed in a PDFDocEncoded string,
(hyperref)                removing `math shift' on input line 4.


Package hyperref Warning: Token not allowed in a PDFDocEncoded string,
(hyperref)                removing `math shift' on input line 4.


Package hyperref Warning: Token not allowed in a PDFDocEncoded string,
(hyperref)                removing `math shift' on input line 4.

<classPARectangleKnots.pdf, id=1859, 501.875pt x 141.37819pt>
File: classPARectangleKnots.pdf Graphic file (type pdf)

<use classPARectangleKnots.pdf> [34] [35 <./classPARectangleKnots.pdf>]

! LaTeX Error: File `PARectangleKnots' not found.

See the LaTeX manual or LaTeX Companion for explanation.
Type  H <return>  for immediate help.
 ...                                              
                                                  
l.114 ...ludegraphics[width=5cm]{PARectangleKnots}
                                                  \caption{Knots order}
? 
[36]) (./classRBF_1_1MQ.tex

Package hyperref Warning: Token not allowed in a PDFDocEncoded string,
(hyperref)                removing `math shift' on input line 4.


Package hyperref Warning: Token not allowed in a PDFDocEncoded string,
(hyperref)                removing `math shift' on input line 4.


Package hyperref Warning: Token not allowed in a PDFDocEncoded string,
(hyperref)                removing `math shift' on input line 4.


Package hyperref Warning: Token not allowed in a PDFDocEncoded string,
(hyperref)                removing `math shift' on input line 4.

[37]) (./classRBF_1_1MQ_3_01T_00_011_01_4.tex

Package hyperref Warning: Token not allowed in a PDFDocEncoded string,
(hyperref)                removing `math shift' on input line 4.


Package hyperref Warning: Token not allowed in a PDFDocEncoded string,
(hyperref)                removing `math shift' on input line 4.


Package hyperref Warning: Token not allowed in a PDFDocEncoded string,
(hyperref)                removing `math shift' on input line 4.


Package hyperref Warning: Token not allowed in a PDFDocEncoded string,
(hyperref)                removing `math shift' on input line 4.

) (./classRBF_1_1MQ_3_01T_00_012_01_4.tex

Package hyperref Warning: Token not allowed in a PDFDocEncoded string,
(hyperref)                removing `math shift' on input line 4.


Package hyperref Warning: Token not allowed in a PDFDocEncoded string,
(hyperref)                removing `math shift' on input line 4.


Package hyperref Warning: Token not allowed in a PDFDocEncoded string,
(hyperref)                removing `math shift' on input line 4.


Package hyperref Warning: Token not allowed in a PDFDocEncoded string,
(hyperref)                removing `math shift' on input line 4.

) (./classRBF_1_1MQ_3_01T_00_013_01_4.tex

Package hyperref Warning: Token not allowed in a PDFDocEncoded string,
(hyperref)                removing `math shift' on input line 4.


Package hyperref Warning: Token not allowed in a PDFDocEncoded string,
(hyperref)                removing `math shift' on input line 4.


Package hyperref Warning: Token not allowed in a PDFDocEncoded string,
(hyperref)                removing `math shift' on input line 4.


Package hyperref Warning: Token not allowed in a PDFDocEncoded string,
(hyperref)                removing `math shift' on input line 4.

[38]) (./classRBF_1_1MQ__1DX.tex

Package hyperref Warning: Token not allowed in a PDFDocEncoded string,
(hyperref)                removing `math shift' on input line 4.


Package hyperref Warning: Token not allowed in a PDFDocEncoded string,
(hyperref)                removing `math shift' on input line 4.


Package hyperref Warning: Token not allowed in a PDFDocEncoded string,
(hyperref)                removing `math shift' on input line 4.


Package hyperref Warning: Token not allowed in a PDFDocEncoded string,
(hyperref)                removing `math shift' on input line 4.

) (./classRBF_1_1MQ__1DX_3_01T_00_011_01_4.tex

Package hyperref Warning: Token not allowed in a PDFDocEncoded string,
(hyperref)                removing `math shift' on input line 4.


Package hyperref Warning: Token not allowed in a PDFDocEncoded string,
(hyperref)                removing `math shift' on input line 4.


Package hyperref Warning: Token not allowed in a PDFDocEncoded string,
(hyperref)                removing `math shift' on input line 4.


Package hyperref Warning: Token not allowed in a PDFDocEncoded string,
(hyperref)                removing `math shift' on input line 4.

[39]) (./classRBF_1_1MQ__1DX_3_01T_00_012_01_4.tex

Package hyperref Warning: Token not allowed in a PDFDocEncoded string,
(hyperref)                removing `math shift' on input line 4.


Package hyperref Warning: Token not allowed in a PDFDocEncoded string,
(hyperref)                removing `math shift' on input line 4.


Package hyperref Warning: Token not allowed in a PDFDocEncoded string,
(hyperref)                removing `math shift' on input line 4.


Package hyperref Warning: Token not allowed in a PDFDocEncoded string,
(hyperref)                removing `math shift' on input line 4.

) (./classRBF_1_1MQ__1DX_3_01T_00_013_01_4.tex

Package hyperref Warning: Token not allowed in a PDFDocEncoded string,
(hyperref)                removing `math shift' on input line 4.


Package hyperref Warning: Token not allowed in a PDFDocEncoded string,
(hyperref)                removing `math shift' on input line 4.


Package hyperref Warning: Token not allowed in a PDFDocEncoded string,
(hyperref)                removing `math shift' on input line 4.


Package hyperref Warning: Token not allowed in a PDFDocEncoded string,
(hyperref)                removing `math shift' on input line 4.

[40]) (./classRBF_1_1MQ__1DY.tex

Package hyperref Warning: Token not allowed in a PDFDocEncoded string,
(hyperref)                removing `math shift' on input line 4.


Package hyperref Warning: Token not allowed in a PDFDocEncoded string,
(hyperref)                removing `math shift' on input line 4.


Package hyperref Warning: Token not allowed in a PDFDocEncoded string,
(hyperref)                removing `math shift' on input line 4.


Package hyperref Warning: Token not allowed in a PDFDocEncoded string,
(hyperref)                removing `math shift' on input line 4.


Underfull \hbox (badness 10000) in paragraph at lines 15--15
\T1/ptm/m/n/10 where $\OML/cmm/m/it/10 c$ \T1/ptm/m/n/10 is the shape pa-ram-e-
ter, $\OML/cmm/m/it/10 r \OT1/cmr/m/n/10 = []$ \T1/ptm/m/n/10 in 2D, and $\OML/
cmm/m/it/10 r \OT1/cmr/m/n/10 =
 []

) (./classRBF_1_1MQ__1DY_3_01T_00_012_01_4.tex

Package hyperref Warning: Token not allowed in a PDFDocEncoded string,
(hyperref)                removing `math shift' on input line 4.


Package hyperref Warning: Token not allowed in a PDFDocEncoded string,
(hyperref)                removing `math shift' on input line 4.


Package hyperref Warning: Token not allowed in a PDFDocEncoded string,
(hyperref)                removing `math shift' on input line 4.


Package hyperref Warning: Token not allowed in a PDFDocEncoded string,
(hyperref)                removing `math shift' on input line 4.

) (./classRBF_1_1MQ__1DY_3_01T_00_013_01_4.tex [41]

Package hyperref Warning: Token not allowed in a PDFDocEncoded string,
(hyperref)                removing `math shift' on input line 4.


Package hyperref Warning: Token not allowed in a PDFDocEncoded string,
(hyperref)                removing `math shift' on input line 4.


Package hyperref Warning: Token not allowed in a PDFDocEncoded string,
(hyperref)                removing `math shift' on input line 4.


Package hyperref Warning: Token not allowed in a PDFDocEncoded string,
(hyperref)                removing `math shift' on input line 4.

) (./classRBF_1_1MQ__1DZ.tex

Package hyperref Warning: Token not allowed in a PDFDocEncoded string,
(hyperref)                removing `math shift' on input line 4.


Package hyperref Warning: Token not allowed in a PDFDocEncoded string,
(hyperref)                removing `math shift' on input line 4.


Package hyperref Warning: Token not allowed in a PDFDocEncoded string,
(hyperref)                removing `math shift' on input line 4.


Package hyperref Warning: Token not allowed in a PDFDocEncoded string,
(hyperref)                removing `math shift' on input line 4.

) (./classRBF_1_1MQ__1DZ_3_01T_00_013_01_4.tex

Package hyperref Warning: Token not allowed in a PDFDocEncoded string,
(hyperref)                removing `math shift' on input line 4.


Package hyperref Warning: Token not allowed in a PDFDocEncoded string,
(hyperref)                removing `math shift' on input line 4.


Package hyperref Warning: Token not allowed in a PDFDocEncoded string,
(hyperref)                removing `math shift' on input line 4.


Package hyperref Warning: Token not allowed in a PDFDocEncoded string,
(hyperref)                removing `math shift' on input line 4.

[42]) (./classRBF_1_1MQ__2DX.tex

Package hyperref Warning: Token not allowed in a PDFDocEncoded string,
(hyperref)                removing `math shift' on input line 4.


Package hyperref Warning: Token not allowed in a PDFDocEncoded string,
(hyperref)                removing `math shift' on input line 4.


Package hyperref Warning: Token not allowed in a PDFDocEncoded string,
(hyperref)                removing `math shift' on input line 4.


Package hyperref Warning: Token not allowed in a PDFDocEncoded string,
(hyperref)                removing `math shift' on input line 4.

) (./classRBF_1_1MQ__2DX_3_01T_00_011_01_4.tex

Package hyperref Warning: Token not allowed in a PDFDocEncoded string,
(hyperref)                removing `math shift' on input line 4.


Package hyperref Warning: Token not allowed in a PDFDocEncoded string,
(hyperref)                removing `math shift' on input line 4.


Package hyperref Warning: Token not allowed in a PDFDocEncoded string,
(hyperref)                removing `math shift' on input line 4.


Package hyperref Warning: Token not allowed in a PDFDocEncoded string,
(hyperref)                removing `math shift' on input line 4.

[43]) (./classRBF_1_1MQ__2DX_3_01T_00_012_01_4.tex

Package hyperref Warning: Token not allowed in a PDFDocEncoded string,
(hyperref)                removing `math shift' on input line 4.


Package hyperref Warning: Token not allowed in a PDFDocEncoded string,
(hyperref)                removing `math shift' on input line 4.


Package hyperref Warning: Token not allowed in a PDFDocEncoded string,
(hyperref)                removing `math shift' on input line 4.


Package hyperref Warning: Token not allowed in a PDFDocEncoded string,
(hyperref)                removing `math shift' on input line 4.

) (./classRBF_1_1MQ__2DX_3_01T_00_013_01_4.tex

Package hyperref Warning: Token not allowed in a PDFDocEncoded string,
(hyperref)                removing `math shift' on input line 4.


Package hyperref Warning: Token not allowed in a PDFDocEncoded string,
(hyperref)                removing `math shift' on input line 4.


Package hyperref Warning: Token not allowed in a PDFDocEncoded string,
(hyperref)                removing `math shift' on input line 4.


Package hyperref Warning: Token not allowed in a PDFDocEncoded string,
(hyperref)                removing `math shift' on input line 4.

[44]) (./classRBF_1_1MQ__2DY.tex

Package hyperref Warning: Token not allowed in a PDFDocEncoded string,
(hyperref)                removing `math shift' on input line 4.


Package hyperref Warning: Token not allowed in a PDFDocEncoded string,
(hyperref)                removing `math shift' on input line 4.


Package hyperref Warning: Token not allowed in a PDFDocEncoded string,
(hyperref)                removing `math shift' on input line 4.


Package hyperref Warning: Token not allowed in a PDFDocEncoded string,
(hyperref)                removing `math shift' on input line 4.


Underfull \hbox (badness 10000) in paragraph at lines 15--15
\T1/ptm/m/n/10 where $\OML/cmm/m/it/10 c$ \T1/ptm/m/n/10 is the shape pa-ram-e-
ter, $\OML/cmm/m/it/10 r \OT1/cmr/m/n/10 = []$ \T1/ptm/m/n/10 in 2D, and $\OML/
cmm/m/it/10 r \OT1/cmr/m/n/10 =
 []

) (./classRBF_1_1MQ__2DY_3_01T_00_012_01_4.tex

Package hyperref Warning: Token not allowed in a PDFDocEncoded string,
(hyperref)                removing `math shift' on input line 4.


Package hyperref Warning: Token not allowed in a PDFDocEncoded string,
(hyperref)                removing `math shift' on input line 4.


Package hyperref Warning: Token not allowed in a PDFDocEncoded string,
(hyperref)                removing `math shift' on input line 4.


Package hyperref Warning: Token not allowed in a PDFDocEncoded string,
(hyperref)                removing `math shift' on input line 4.

) (./classRBF_1_1MQ__2DY_3_01T_00_013_01_4.tex [45]

Package hyperref Warning: Token not allowed in a PDFDocEncoded string,
(hyperref)                removing `math shift' on input line 4.


Package hyperref Warning: Token not allowed in a PDFDocEncoded string,
(hyperref)                removing `math shift' on input line 4.


Package hyperref Warning: Token not allowed in a PDFDocEncoded string,
(hyperref)                removing `math shift' on input line 4.


Package hyperref Warning: Token not allowed in a PDFDocEncoded string,
(hyperref)                removing `math shift' on input line 4.

) (./classRBF_1_1MQ__2DZ.tex

Package hyperref Warning: Token not allowed in a PDFDocEncoded string,
(hyperref)                removing `math shift' on input line 4.


Package hyperref Warning: Token not allowed in a PDFDocEncoded string,
(hyperref)                removing `math shift' on input line 4.


Package hyperref Warning: Token not allowed in a PDFDocEncoded string,
(hyperref)                removing `math shift' on input line 4.


Package hyperref Warning: Token not allowed in a PDFDocEncoded string,
(hyperref)                removing `math shift' on input line 4.

) (./classRBF_1_1MQ__2DZ_3_01T_00_013_01_4.tex

Package hyperref Warning: Token not allowed in a PDFDocEncoded string,
(hyperref)                removing `math shift' on input line 4.


Package hyperref Warning: Token not allowed in a PDFDocEncoded string,
(hyperref)                removing `math shift' on input line 4.


Package hyperref Warning: Token not allowed in a PDFDocEncoded string,
(hyperref)                removing `math shift' on input line 4.


Package hyperref Warning: Token not allowed in a PDFDocEncoded string,
(hyperref)                removing `math shift' on input line 4.

[46]) (./classRBF_1_1TPS.tex

Package hyperref Warning: Token not allowed in a PDFDocEncoded string,
(hyperref)                removing `math shift' on input line 4.


Package hyperref Warning: Token not allowed in a PDFDocEncoded string,
(hyperref)                removing `math shift' on input line 4.


Package hyperref Warning: Token not allowed in a PDFDocEncoded string,
(hyperref)                removing `math shift' on input line 4.


Package hyperref Warning: Token not allowed in a PDFDocEncoded string,
(hyperref)                removing `math shift' on input line 4.


Underfull \hbox (badness 10000) in paragraph at lines 15--16
\T1/ptm/m/n/10 where $\OML/cmm/m/it/10 r \OT1/cmr/m/n/10 = \OMS/cmsy/m/n/10 j\O
ML/cmm/m/it/10 x \OMS/cmsy/m/n/10 ^^@ \OML/cmm/m/it/10 x[]\OMS/cmsy/m/n/10 j$ \
T1/ptm/m/n/10 in 1D, $\OML/cmm/m/it/10 r \OT1/cmr/m/n/10 = []$ \T1/ptm/m/n/10 i
n 2D, and $\OML/cmm/m/it/10 r \OT1/cmr/m/n/10 =
 []

) (./classRBF_1_1TPS_3_01T_00_012_01_4.tex

Package hyperref Warning: Token not allowed in a PDFDocEncoded string,
(hyperref)                removing `math shift' on input line 4.


Package hyperref Warning: Token not allowed in a PDFDocEncoded string,
(hyperref)                removing `math shift' on input line 4.


Package hyperref Warning: Token not allowed in a PDFDocEncoded string,
(hyperref)                removing `math shift' on input line 4.


Package hyperref Warning: Token not allowed in a PDFDocEncoded string,
(hyperref)                removing `math shift' on input line 4.

[47]) (./classRBF_1_1TPS__1DX.tex

Package hyperref Warning: Token not allowed in a PDFDocEncoded string,
(hyperref)                removing `math shift' on input line 4.


Package hyperref Warning: Token not allowed in a PDFDocEncoded string,
(hyperref)                removing `math shift' on input line 4.


Package hyperref Warning: Token not allowed in a PDFDocEncoded string,
(hyperref)                removing `math shift' on input line 4.


Package hyperref Warning: Token not allowed in a PDFDocEncoded string,
(hyperref)                removing `math shift' on input line 4.


Underfull \hbox (badness 10000) in paragraph at lines 15--16
\T1/ptm/m/n/10 where $\OML/cmm/m/it/10 r \OT1/cmr/m/n/10 = \OMS/cmsy/m/n/10 j\O
ML/cmm/m/it/10 x \OMS/cmsy/m/n/10 ^^@ \OML/cmm/m/it/10 x[]\OMS/cmsy/m/n/10 j$ \
T1/ptm/m/n/10 in 1D, $\OML/cmm/m/it/10 r \OT1/cmr/m/n/10 = []$ \T1/ptm/m/n/10 i
n 2D, and $\OML/cmm/m/it/10 r \OT1/cmr/m/n/10 =
 []

) (./classRBF_1_1TPS__1DX_3_01T_00_012_01_4.tex

Package hyperref Warning: Token not allowed in a PDFDocEncoded string,
(hyperref)                removing `math shift' on input line 4.


Package hyperref Warning: Token not allowed in a PDFDocEncoded string,
(hyperref)                removing `math shift' on input line 4.


Package hyperref Warning: Token not allowed in a PDFDocEncoded string,
(hyperref)                removing `math shift' on input line 4.


Package hyperref Warning: Token not allowed in a PDFDocEncoded string,
(hyperref)                removing `math shift' on input line 4.

) (./classRBF_1_1TPS__1DY.tex

Package hyperref Warning: Token not allowed in a PDFDocEncoded string,
(hyperref)                removing `math shift' on input line 4.


Package hyperref Warning: Token not allowed in a PDFDocEncoded string,
(hyperref)                removing `math shift' on input line 4.


Package hyperref Warning: Token not allowed in a PDFDocEncoded string,
(hyperref)                removing `math shift' on input line 4.


Package hyperref Warning: Token not allowed in a PDFDocEncoded string,
(hyperref)                removing `math shift' on input line 4.

[48]) (./classRBF_1_1TPS__1DY_3_01T_00_012_01_4.tex

Package hyperref Warning: Token not allowed in a PDFDocEncoded string,
(hyperref)                removing `math shift' on input line 4.


Package hyperref Warning: Token not allowed in a PDFDocEncoded string,
(hyperref)                removing `math shift' on input line 4.


Package hyperref Warning: Token not allowed in a PDFDocEncoded string,
(hyperref)                removing `math shift' on input line 4.


Package hyperref Warning: Token not allowed in a PDFDocEncoded string,
(hyperref)                removing `math shift' on input line 4.

) (./classRBF_1_1TPS__2DX.tex

Package hyperref Warning: Token not allowed in a PDFDocEncoded string,
(hyperref)                removing `math shift' on input line 4.


Package hyperref Warning: Token not allowed in a PDFDocEncoded string,
(hyperref)                removing `math shift' on input line 4.


Package hyperref Warning: Token not allowed in a PDFDocEncoded string,
(hyperref)                removing `math shift' on input line 4.


Package hyperref Warning: Token not allowed in a PDFDocEncoded string,
(hyperref)                removing `math shift' on input line 4.


Underfull \hbox (badness 10000) in paragraph at lines 15--16
\T1/ptm/m/n/10 where $\OML/cmm/m/it/10 r \OT1/cmr/m/n/10 = \OMS/cmsy/m/n/10 j\O
ML/cmm/m/it/10 x \OMS/cmsy/m/n/10 ^^@ \OML/cmm/m/it/10 x[]\OMS/cmsy/m/n/10 j$ \
T1/ptm/m/n/10 in 1D, $\OML/cmm/m/it/10 r \OT1/cmr/m/n/10 = []$ \T1/ptm/m/n/10 i
n 2D, and $\OML/cmm/m/it/10 r \OT1/cmr/m/n/10 =
 []

[49]) (./classRBF_1_1TPS__2DX_3_01T_00_012_01_4.tex

Package hyperref Warning: Token not allowed in a PDFDocEncoded string,
(hyperref)                removing `math shift' on input line 4.


Package hyperref Warning: Token not allowed in a PDFDocEncoded string,
(hyperref)                removing `math shift' on input line 4.


Package hyperref Warning: Token not allowed in a PDFDocEncoded string,
(hyperref)                removing `math shift' on input line 4.


Package hyperref Warning: Token not allowed in a PDFDocEncoded string,
(hyperref)                removing `math shift' on input line 4.

) (./classRBF_1_1TPS__2DY.tex

Package hyperref Warning: Token not allowed in a PDFDocEncoded string,
(hyperref)                removing `math shift' on input line 4.


Package hyperref Warning: Token not allowed in a PDFDocEncoded string,
(hyperref)                removing `math shift' on input line 4.


Package hyperref Warning: Token not allowed in a PDFDocEncoded string,
(hyperref)                removing `math shift' on input line 4.


Package hyperref Warning: Token not allowed in a PDFDocEncoded string,
(hyperref)                removing `math shift' on input line 4.

) (./classRBF_1_1TPS__2DY_3_01T_00_012_01_4.tex

Package hyperref Warning: Token not allowed in a PDFDocEncoded string,
(hyperref)                removing `math shift' on input line 4.


Package hyperref Warning: Token not allowed in a PDFDocEncoded string,
(hyperref)                removing `math shift' on input line 4.


Package hyperref Warning: Token not allowed in a PDFDocEncoded string,
(hyperref)                removing `math shift' on input line 4.


Package hyperref Warning: Token not allowed in a PDFDocEncoded string,
(hyperref)                removing `math shift' on input line 4.

[50]) (./classRectangleKnots.tex

Package hyperref Warning: Token not allowed in a PDFDocEncoded string,
(hyperref)                removing `math shift' on input line 4.


Package hyperref Warning: Token not allowed in a PDFDocEncoded string,
(hyperref)                removing `math shift' on input line 4.


Package hyperref Warning: Token not allowed in a PDFDocEncoded string,
(hyperref)                removing `math shift' on input line 4.


Package hyperref Warning: Token not allowed in a PDFDocEncoded string,
(hyperref)                removing `math shift' on input line 4.

<classRectangleKnots.pdf, id=2099, 501.875pt x 150.37178pt>
File: classRectangleKnots.pdf Graphic file (type pdf)

<use classRectangleKnots.pdf> [51 <./classRectangleKnots.pdf>] [52]
<RectangleKnots.pdf, id=2146, 621.32124pt x 360.34625pt>
File: RectangleKnots.pdf Graphic file (type pdf)

<use RectangleKnots.pdf> [53 <./RectangleKnots.pdf>])
(./classRectBlocksKnots.tex

Package hyperref Warning: Token not allowed in a PDFDocEncoded string,
(hyperref)                removing `math shift' on input line 4.


Package hyperref Warning: Token not allowed in a PDFDocEncoded string,
(hyperref)                removing `math shift' on input line 4.


Package hyperref Warning: Token not allowed in a PDFDocEncoded string,
(hyperref)                removing `math shift' on input line 4.


Package hyperref Warning: Token not allowed in a PDFDocEncoded string,
(hyperref)                removing `math shift' on input line 4.

<classRectBlocksKnots.pdf, id=2161, 501.875pt x 147.06946pt>
File: classRectBlocksKnots.pdf Graphic file (type pdf)

<use classRectBlocksKnots.pdf> [54 <./classRectBlocksKnots.pdf>] [55]
<RectBlocksKnots.pdf, id=2205, 672.5125pt x 426.59375pt>
File: RectBlocksKnots.pdf Graphic file (type pdf)

<use RectBlocksKnots.pdf> [56 <./RectBlocksKnots.pdf>])
(./classSemiCircleKnots.tex

Package hyperref Warning: Token not allowed in a PDFDocEncoded string,
(hyperref)                removing `math shift' on input line 4.


Package hyperref Warning: Token not allowed in a PDFDocEncoded string,
(hyperref)                removing `math shift' on input line 4.


Package hyperref Warning: Token not allowed in a PDFDocEncoded string,
(hyperref)                removing `math shift' on input line 4.


Package hyperref Warning: Token not allowed in a PDFDocEncoded string,
(hyperref)                removing `math shift' on input line 4.

<classSemiCircleKnots.pdf, id=2220, 501.875pt x 147.61147pt>
File: classSemiCircleKnots.pdf Graphic file (type pdf)

<use classSemiCircleKnots.pdf> [57 <./classSemiCircleKnots.pdf>]
<SemiCircle.pdf, id=2254, 321.2pt x 319.1925pt>
File: SemiCircle.pdf Graphic file (type pdf)
 <use SemiCircle.pdf> [58]
<SemiCircleKnots.pdf, id=2267, 464.73625pt x 346.29375pt>
File: SemiCircleKnots.pdf Graphic file (type pdf)

<use SemiCircleKnots.pdf> [59 <./SemiCircle.pdf> <./SemiCircleKnots.pdf>])
(./structtimer.tex) (./box_8cpp.tex
Overfull \hbox (97.432pt too wide) in paragraph at lines 4--4
[]\T1/ptm/b/n/12 /home/luiggi/Documents/Research/Meshless_-RBF/NEW/RBFSoft/exam
ples/01TestKnots/box.cpp
 []


Underfull \hbox (badness 3209) in paragraph at lines 13--13
[]\T1/ptm/m/n/10 In this ex-am-ple some fea-tures of the class [][]Box-Knots[][
] are tested. Par-tic-u-larly the func-tion
 []

[60] <boxtest.pdf, id=2306, 488.82625pt x 361.35pt>
File: boxtest.pdf Graphic file (type pdf)
 <use boxtest.pdf>)
(./line_8cpp.tex
Overfull \hbox (97.43169pt too wide) in paragraph at lines 4--4
[]\T1/ptm/b/n/12 /home/luiggi/Documents/Research/Meshless_-RBF/NEW/RBFSoft/exam
ples/01TestKnots/line.cpp
 []


Underfull \hbox (badness 2990) in paragraph at lines 13--13
[]\T1/ptm/m/n/10 In this ex-am-ple some fea-tures of the class [][]Line-Knots[]
[] are tested. Par-tic-u-larly the func-tion
 []


Package Fancyhdr Warning: \headheight is too small (12.0pt): 
 Make it at least 34.48999pt.
 We now make it that large for the rest of the document.
 This may cause the page layout to be inconsistent, however.

[61 <./boxtest.pdf>]) (./rectangle_8cpp.tex
Overfull \hbox (125.85962pt too wide) in paragraph at lines 4--4
[]\T1/ptm/b/n/12 /home/luiggi/Documents/Research/Meshless_-RBF/NEW/RBFSoft/exam
ples/01TestKnots/rectangle.cpp
 []

<rectest.pdf, id=2328, 488.82625pt x 361.35pt>
File: rectest.pdf Graphic file (type pdf)
 <use rectest.pdf>

Package Fancyhdr Warning: \headheight is too small (12.0pt): 
 Make it at least 34.48999pt.
 We now make it that large for the rest of the document.
 This may cause the page layout to be inconsistent, however.

[62]) (./rectangle__blocks_8cpp.tex
Overfull \hbox (114.1838pt too wide) in paragraph at lines 4--4
[]\T1/ptm/b/n/12 /home/luiggi/Documents/Research/Meshless_-RBF/NEW/RBFSoft/exam
ples/01TestKnots/rectangle_-
 []

<rebtest.pdf, id=2339, 488.82625pt x 361.35pt>
File: rebtest.pdf Graphic file (type pdf)
 <use rebtest.pdf>

Package Fancyhdr Warning: \headheight is too small (12.0pt): 
 Make it at least 34.48999pt.
 We now make it that large for the rest of the document.
 This may cause the page layout to be inconsistent, however.

[63 <./rectest.pdf>]) (./semicircle_8cpp.tex
Overfull \hbox (129.85526pt too wide) in paragraph at lines 4--4
[]\T1/ptm/b/n/12 /home/luiggi/Documents/Research/Meshless_-RBF/NEW/RBFSoft/exam
ples/01TestKnots/semicircle.cpp
 []

<semtest.pdf, id=2355, 488.82625pt x 361.35pt>
File: semtest.pdf Graphic file (type pdf)
 <use semtest.pdf>

Package Fancyhdr Warning: \headheight is too small (12.0pt): 
 Make it at least 34.48999pt.
 We now make it that large for the rest of the document.
 This may cause the page layout to be inconsistent, however.

[64 <./rebtest.pdf>]) (./heat2D_8cpp.tex
Overfull \hbox (102.94023pt too wide) in paragraph at lines 4--4
[]\T1/ptm/b/n/12 /home/luiggi/Documents/Research/Meshless_-RBF/NEW/RBFSoft/exam
ples/02Heat2D/heat2D.cpp
 []

<solHoffman.pdf, id=2367, 703.62875pt x 362.35374pt>
File: solHoffman.pdf Graphic file (type pdf)
 <use solHoffman.pdf>

Package Fancyhdr Warning: \headheight is too small (12.0pt): 
 Make it at least 34.48999pt.
 We now make it that large for the rest of the document.
 This may cause the page layout to be inconsistent, however.

[65 <./semtest.pdf> <./solHoffman.pdf>]) (./heatsemi_8cpp.tex
Overfull \hbox (153.61514pt too wide) in paragraph at lines 4--4
[]\T1/ptm/b/n/12 /home/luiggi/Documents/Research/Meshless_-RBF/NEW/RBFSoft/exam
ples/03HeatSemiCircle/heatsemi.cpp
 []

<heatsemi.pdf, id=2384, 990.70125pt x 426.59375pt>
File: heatsemi.pdf Graphic file (type pdf)
 <use heatsemi.pdf>

Package Fancyhdr Warning: \headheight is too small (12.0pt): 
 Make it at least 34.48999pt.
 We now make it that large for the rest of the document.
 This may cause the page layout to be inconsistent, however.

[66 <./heatsemi.pdf>]) (./convdiff01_8cpp.tex
Overfull \hbox (142.228pt too wide) in paragraph at lines 4--4
[]\T1/ptm/b/n/12 /home/luiggi/Documents/Research/Meshless_-RBF/NEW/RBFSoft/exam
ples/04ConvDiff1D/convdiff01.cpp
 []

<soladvdiff1D.pdf, id=2396, 488.82625pt x 371.3875pt>
File: soladvdiff1D.pdf Graphic file (type pdf)
 <use soladvdiff1D.pdf>

Package Fancyhdr Warning: \headheight is too small (12.0pt): 
 Make it at least 34.48999pt.
 We now make it that large for the rest of the document.
 This may cause the page layout to be inconsistent, however.

[67 <./soladvdiff1D.pdf>]) (./convdiff2D_8cpp.tex
Overfull \hbox (144.65201pt too wide) in paragraph at lines 4--4
[]\T1/ptm/b/n/12 /home/luiggi/Documents/Research/Meshless_-RBF/NEW/RBFSoft/exam
ples/05ConvDiff2D/convdiff2D.cpp
 []

<solconv2D.pdf, id=2409, 804.00375pt x 320.19624pt>
File: solconv2D.pdf Graphic file (type pdf)
 <use solconv2D.pdf>

Package Fancyhdr Warning: \headheight is too small (12.0pt): 
 Make it at least 34.48999pt.
 We now make it that large for the rest of the document.
 This may cause the page layout to be inconsistent, however.

[68 <./solconv2D.pdf>]) (./lid__driven2_8cpp.tex
Overfull \hbox (87.96391pt too wide) in paragraph at lines 4--4
[]\T1/ptm/b/n/12 /home/luiggi/Documents/Research/Meshless_-RBF/NEW/RBFSoft/exam
ples/07LidDriven/lid_-
 []

<solliddriven.pdf, id=2421, 765.86125pt x 402.50375pt>
File: solliddriven.pdf Graphic file (type pdf)
 <use solliddriven.pdf>

Package Fancyhdr Warning: \headheight is too small (12.0pt): 
 Make it at least 34.48999pt.
 We now make it that large for the rest of the document.
 This may cause the page layout to be inconsistent, however.

[69]) (./backfacing2_8cpp.tex
Overfull \hbox (204.90314pt too wide) in paragraph at lines 4--4
[]\T1/ptm/b/n/12 /home/luiggi/Documents/Research/Meshless_-RBF/NEW/RBFSoft/exam
ples/08BackwardFacingStep/backfacing2.cpp
 []


Package Fancyhdr Warning: \headheight is too small (12.0pt): 
 Make it at least 34.48999pt.
 We now make it that large for the rest of the document.
 This may cause the page layout to be inconsistent, however.

[70 <./solliddriven.pdf>]
<solbackfacing.pdf, id=2438, 1004.75375pt x 734.745pt>
File: solbackfacing.pdf Graphic file (type pdf)
 <use solbackfacing.pdf>) (./accessor_8hpp.tex
Overfull \hbox (100.79155pt too wide) in paragraph at lines 4--4
[]\T1/ptm/b/n/12 /home/luiggi/Documents/Research/Meshless_-RBF/NEW/RBFSoft/incl
ude/kdtree++/accessor.hpp
 []


Package Fancyhdr Warning: \headheight is too small (12.0pt): 
 Make it at least 34.48999pt.
 We now make it that large for the rest of the document.
 This may cause the page layout to be inconsistent, however.

[71 <./solbackfacing.pdf>]) (./allocator_8hpp.tex
Overfull \hbox (103.46765pt too wide) in paragraph at lines 4--4
[]\T1/ptm/b/n/12 /home/luiggi/Documents/Research/Meshless_-RBF/NEW/RBFSoft/incl
ude/kdtree++/allocator.hpp
 []

) (./iterator_8hpp.tex
Overfull \hbox (97.45566pt too wide) in paragraph at lines 4--4
[]\T1/ptm/b/n/12 /home/luiggi/Documents/Research/Meshless_-RBF/NEW/RBFSoft/incl
ude/kdtree++/iterator.hpp
 []


Package Fancyhdr Warning: \headheight is too small (12.0pt): 
 Make it at least 34.48999pt.
 We now make it that large for the rest of the document.
 This may cause the page layout to be inconsistent, however.

[72]) (./kdtree_8hpp.tex
Overfull \hbox (92.45175pt too wide) in paragraph at lines 4--4
[]\T1/ptm/b/n/12 /home/luiggi/Documents/Research/Meshless_-RBF/NEW/RBFSoft/incl
ude/kdtree++/kdtree.hpp
 []

) (./node_8hpp.tex

Package Fancyhdr Warning: \headheight is too small (12.0pt): 
 Make it at least 34.48999pt.
 We now make it that large for the rest of the document.
 This may cause the page layout to be inconsistent, however.

[73]
Overfull \hbox (84.01587pt too wide) in paragraph at lines 4--4
[]\T1/ptm/b/n/12 /home/luiggi/Documents/Research/Meshless_-RBF/NEW/RBFSoft/incl
ude/kdtree++/node.hpp
 []

) (./region_8hpp.tex
Overfull \hbox (91.79182pt too wide) in paragraph at lines 4--4
[]\T1/ptm/b/n/12 /home/luiggi/Documents/Research/Meshless_-RBF/NEW/RBFSoft/incl
ude/kdtree++/region.hpp
 []

) (./gmres_8hpp.tex
Overfull \hbox (120.08746pt too wide) in paragraph at lines 4--4
[]\T1/ptm/b/n/12 /home/luiggi/Documents/Research/Meshless_-RBF/NEW/RBFSoft/incl
ude/Solvers/Krylov/gmres.hpp
 []


Package Fancyhdr Warning: \headheight is too small (12.0pt): 
 Make it at least 22.48999pt.
 We now make it that large for the rest of the document.
 This may cause the page layout to be inconsistent, however.

[74]) (./Traits_8hpp.tex
Overfull \hbox (39.66425pt too wide) in paragraph at lines 4--4
[]\T1/ptm/b/n/12 /home/luiggi/Documents/Research/Meshless_-RBF/NEW/RBFSoft/incl
ude/Traits.hpp
 []


Package Fancyhdr Warning: \headheight is too small (12.0pt): 
 Make it at least 22.48999pt.
 We now make it that large for the rest of the document.
 This may cause the page layout to be inconsistent, however.

[75])
No file refman.ind.

Package Fancyhdr Warning: \headheight is too small (12.0pt): 
 Make it at least 22.48999pt.
 We now make it that large for the rest of the document.
 This may cause the page layout to be inconsistent, however.

[76] (./refman.aux)

LaTeX Warning: There were undefined references.


LaTeX Warning: There were multiply-defined labels.

 ) 
Here is how much of TeX's memory you used:
 6186 strings out of 95086
 97718 string characters out of 1183255
 133097 words of memory out of 1500000
 8395 multiletter control sequences out of 10000+50000
 39754 words of font info for 53 fonts, out of 1200000 for 2000
 28 hyphenation exceptions out of 8191
 37i,13n,43p,800b,507s stack positions out of 5000i,500n,6000p,200000b,5000s
pdfTeX warning (dest): name{Traits_8hpp-source} has been referenced but does 
not exist, replaced by a fixed one

pdfTeX warning (dest): name{gmres_8hpp-source} has been referenced but does not
 exist, replaced by a fixed one

pdfTeX warning (dest): name{region_8hpp-source} has been referenced but does no
t exist, replaced by a fixed one

pdfTeX warning (dest): name{node_8hpp-source} has been referenced but does not 
exist, replaced by a fixed one

pdfTeX warning (dest): name{kdtree_8hpp-source} has been referenced but does no
t exist, replaced by a fixed one

pdfTeX warning (dest): name{iterator_8hpp-source} has been referenced but does 
not exist, replaced by a fixed one

pdfTeX warning (dest): name{allocator_8hpp-source} has been referenced but does
 not exist, replaced by a fixed one

pdfTeX warning (dest): name{accessor_8hpp-source} has been referenced but does 
not exist, replaced by a fixed one

pdfTeX warning (dest): name{backfacing2_8cpp-source} has been referenced but do
es not exist, replaced by a fixed one

pdfTeX warning (dest): name{lid__driven2_8cpp-source} has been referenced but d
oes not exist, replaced by a fixed one

pdfTeX warning (dest): name{convdiff2D_8cpp-source} has been referenced but doe
s not exist, replaced by a fixed one

pdfTeX warning (dest): name{convdiff01_8cpp-source} has been referenced but doe
s not exist, replaced by a fixed one

pdfTeX warning (dest): name{heatsemi_8cpp-source} has been referenced but does 
not exist, replaced by a fixed one

pdfTeX warning (dest): name{heat2D_8cpp-source} has been referenced but does no
t exist, replaced by a fixed one

pdfTeX warning (dest): name{semicircle_8cpp-source} has been referenced but doe
s not exist, replaced by a fixed one

pdfTeX warning (dest): name{rectangle__blocks_8cpp-source} has been referenced 
but does not exist, replaced by a fixed one

pdfTeX warning (dest): name{rectangle_8cpp-source} has been referenced but does
 not exist, replaced by a fixed one

pdfTeX warning (dest): name{line_8cpp-source} has been referenced but does not 
exist, replaced by a fixed one

pdfTeX warning (dest): name{box_8cpp-source} has been referenced but does not e
xist, replaced by a fixed one

{/usr/share/texmf-texlive/fonts/enc/dvips/base/8r.enc}</usr/share/texmf-texlive
/fonts/type1/bluesky/cm/cmex10.pfb></usr/share/texmf-texlive/fonts/type1/bluesk
y/cm/cmmi10.pfb></usr/share/texmf-texlive/fonts/type1/bluesky/cm/cmmi12.pfb></u
sr/share/texmf-texlive/fonts/type1/bluesky/cm/cmmi7.pfb></usr/share/texmf-texli
ve/fonts/type1/bluesky/cm/cmmi8.pfb></usr/share/texmf-texlive/fonts/type1/blues
ky/cm/cmr10.pfb></usr/share/texmf-texlive/fonts/type1/bluesky/cm/cmr7.pfb></usr
/share/texmf-texlive/fonts/type1/bluesky/cm/cmsy10.pfb></usr/share/texmf-texliv
e/fonts/type1/urw/courier/ucrr8a.pfb></usr/share/texmf-texlive/fonts/type1/urw/
times/utmb8a.pfb></usr/share/texmf-texlive/fonts/type1/urw/times/utmbi8a.pfb></
usr/share/texmf-texlive/fonts/type1/urw/times/utmr8a.pfb></usr/share/texmf-texl
ive/fonts/type1/urw/times/utmri8a.pfb>
Output written on refman.pdf (82 pages, 943729 bytes).
PDF statistics:
 2730 PDF objects out of 2984 (max. 8388607)
 685 named destinations out of 1000 (max. 131072)
 1562 words of extra memory for PDF output out of 10000 (max. 10000000)

