\BOOKMARK [1][-]{section.1}{\376\377\000T\000o\000d\000o\000\040\000L\000i\000s\000t}{}
\BOOKMARK [1][-]{section.2}{\376\377\000N\000a\000m\000e\000s\000p\000a\000c\000e\000\040\000I\000n\000d\000e\000x}{}
\BOOKMARK [2][-]{subsection.2.1}{\376\377\000N\000a\000m\000e\000s\000p\000a\000c\000e\000\040\000L\000i\000s\000t}{section.2}
\BOOKMARK [1][-]{section.3}{\376\377\000C\000l\000a\000s\000s\000\040\000I\000n\000d\000e\000x}{}
\BOOKMARK [2][-]{subsection.3.1}{\376\377\000C\000l\000a\000s\000s\000\040\000H\000i\000e\000r\000a\000r\000c\000h\000y}{section.3}
\BOOKMARK [1][-]{section.4}{\376\377\000C\000l\000a\000s\000s\000\040\000I\000n\000d\000e\000x}{}
\BOOKMARK [2][-]{subsection.4.1}{\376\377\000C\000l\000a\000s\000s\000\040\000L\000i\000s\000t}{section.4}
\BOOKMARK [1][-]{section.5}{\376\377\000F\000i\000l\000e\000\040\000I\000n\000d\000e\000x}{}
\BOOKMARK [2][-]{subsection.5.1}{\376\377\000F\000i\000l\000e\000\040\000L\000i\000s\000t}{section.5}
\BOOKMARK [1][-]{section.6}{\376\377\000N\000a\000m\000e\000s\000p\000a\000c\000e\000\040\000D\000o\000c\000u\000m\000e\000n\000t\000a\000t\000i\000o\000n}{}
\BOOKMARK [2][-]{subsection.6.1}{\376\377\000f\000l\000e\000n\000s\000\040\000N\000a\000m\000e\000s\000p\000a\000c\000e\000\040\000R\000e\000f\000e\000r\000e\000n\000c\000e}{section.6}
\BOOKMARK [3][-]{subsubsection.6.1.1}{\376\377\000D\000e\000t\000a\000i\000l\000e\000d\000\040\000D\000e\000s\000c\000r\000i\000p\000t\000i\000o\000n}{subsection.6.1}
\BOOKMARK [3][-]{subsubsection.6.1.2}{\376\377\000F\000u\000n\000c\000t\000i\000o\000n\000\040\000D\000o\000c\000u\000m\000e\000n\000t\000a\000t\000i\000o\000n}{subsection.6.1}
\BOOKMARK [2][-]{subsection.6.2}{\376\377\000K\000D\000T\000r\000e\000e\000\040\000N\000a\000m\000e\000s\000p\000a\000c\000e\000\040\000R\000e\000f\000e\000r\000e\000n\000c\000e}{section.6}
\BOOKMARK [3][-]{subsubsection.6.2.1}{\376\377\000D\000e\000t\000a\000i\000l\000e\000d\000\040\000D\000e\000s\000c\000r\000i\000p\000t\000i\000o\000n}{subsection.6.2}
\BOOKMARK [2][-]{subsection.6.3}{\376\377\000R\000B\000F\000\040\000N\000a\000m\000e\000s\000p\000a\000c\000e\000\040\000R\000e\000f\000e\000r\000e\000n\000c\000e}{section.6}
\BOOKMARK [3][-]{subsubsection.6.3.1}{\376\377\000D\000e\000t\000a\000i\000l\000e\000d\000\040\000D\000e\000s\000c\000r\000i\000p\000t\000i\000o\000n}{subsection.6.3}
\BOOKMARK [3][-]{subsubsection.6.3.2}{\376\377\000F\000u\000n\000c\000t\000i\000o\000n\000\040\000D\000o\000c\000u\000m\000e\000n\000t\000a\000t\000i\000o\000n}{subsection.6.3}
\BOOKMARK [2][-]{subsection.6.4}{\376\377\000S\000o\000l\000v\000e\000r\000\040\000N\000a\000m\000e\000s\000p\000a\000c\000e\000\040\000R\000e\000f\000e\000r\000e\000n\000c\000e}{section.6}
\BOOKMARK [3][-]{subsubsection.6.4.1}{\376\377\000D\000e\000t\000a\000i\000l\000e\000d\000\040\000D\000e\000s\000c\000r\000i\000p\000t\000i\000o\000n}{subsection.6.4}
\BOOKMARK [3][-]{subsubsection.6.4.2}{\376\377\000F\000u\000n\000c\000t\000i\000o\000n\000\040\000D\000o\000c\000u\000m\000e\000n\000t\000a\000t\000i\000o\000n}{subsection.6.4}
\BOOKMARK [1][-]{section.7}{\376\377\000C\000l\000a\000s\000s\000\040\000D\000o\000c\000u\000m\000e\000n\000t\000a\000t\000i\000o\000n}{}
\BOOKMARK [2][-]{subsection.7.1}{\376\377\000B\000o\000x\000K\000n\000o\000t\000s\000<\000\040\000T\000p\000r\000e\000c\000\040\000>\000\040\000C\000l\000a\000s\000s\000\040\000T\000e\000m\000p\000l\000a\000t\000e\000\040\000R\000e\000f\000e\000r\000e\000n\000c\000e}{section.7}
\BOOKMARK [3][-]{subsubsection.7.1.1}{\376\377\000D\000e\000t\000a\000i\000l\000e\000d\000\040\000D\000e\000s\000c\000r\000i\000p\000t\000i\000o\000n}{subsection.7.1}
\BOOKMARK [3][-]{subsubsection.7.1.2}{\376\377\000C\000o\000n\000s\000t\000r\000u\000c\000t\000o\000r\000\040\000\046\000\040\000D\000e\000s\000t\000r\000u\000c\000t\000o\000r\000\040\000D\000o\000c\000u\000m\000e\000n\000t\000a\000t\000i\000o\000n}{subsection.7.1}
\BOOKMARK [3][-]{subsubsection.7.1.3}{\376\377\000M\000e\000m\000b\000e\000r\000\040\000F\000u\000n\000c\000t\000i\000o\000n\000\040\000D\000o\000c\000u\000m\000e\000n\000t\000a\000t\000i\000o\000n}{subsection.7.1}
\BOOKMARK [2][-]{subsection.7.2}{\376\377\000C\000a\000r\000t\000C\000o\000m\000m\000\040\000C\000l\000a\000s\000s\000\040\000R\000e\000f\000e\000r\000e\000n\000c\000e}{section.7}
\BOOKMARK [3][-]{subsubsection.7.2.1}{\376\377\000D\000e\000t\000a\000i\000l\000e\000d\000\040\000D\000e\000s\000c\000r\000i\000p\000t\000i\000o\000n}{subsection.7.2}
\BOOKMARK [2][-]{subsection.7.3}{\376\377\000f\000l\000e\000n\000s\000:\000:\000A\000C\000B\000F\000P\000r\000e\000c\000<\000\040\000M\000A\000,\000\040\000T\000D\000\040\000>\000\040\000C\000l\000a\000s\000s\000\040\000T\000e\000m\000p\000l\000a\000t\000e\000\040\000R\000e\000f\000e\000r\000e\000n\000c\000e}{section.7}
\BOOKMARK [3][-]{subsubsection.7.3.1}{\376\377\000D\000e\000t\000a\000i\000l\000e\000d\000\040\000D\000e\000s\000c\000r\000i\000p\000t\000i\000o\000n}{subsection.7.3}
\BOOKMARK [3][-]{subsubsection.7.3.2}{\376\377\000M\000e\000m\000b\000e\000r\000\040\000F\000u\000n\000c\000t\000i\000o\000n\000\040\000D\000o\000c\000u\000m\000e\000n\000t\000a\000t\000i\000o\000n}{subsection.7.3}
\BOOKMARK [2][-]{subsection.7.4}{\376\377\000f\000l\000e\000n\000s\000:\000:\000D\000i\000a\000g\000o\000n\000a\000l\000P\000r\000e\000c\000<\000\040\000M\000A\000\040\000>\000\040\000C\000l\000a\000s\000s\000\040\000T\000e\000m\000p\000l\000a\000t\000e\000\040\000R\000e\000f\000e\000r\000e\000n\000c\000e}{section.7}
\BOOKMARK [3][-]{subsubsection.7.4.1}{\376\377\000D\000e\000t\000a\000i\000l\000e\000d\000\040\000D\000e\000s\000c\000r\000i\000p\000t\000i\000o\000n}{subsection.7.4}
\BOOKMARK [2][-]{subsection.7.5}{\376\377\000f\000l\000e\000n\000s\000:\000:\000g\000m\000r\000e\000s\000\137\000<\000\040\000A\000\040\000>\000\040\000S\000t\000r\000u\000c\000t\000\040\000T\000e\000m\000p\000l\000a\000t\000e\000\040\000R\000e\000f\000e\000r\000e\000n\000c\000e}{section.7}
\BOOKMARK [3][-]{subsubsection.7.5.1}{\376\377\000D\000e\000t\000a\000i\000l\000e\000d\000\040\000D\000e\000s\000c\000r\000i\000p\000t\000i\000o\000n}{subsection.7.5}
\BOOKMARK [2][-]{subsection.7.6}{\376\377\000f\000l\000e\000n\000s\000:\000:\000g\000m\000r\000e\000s\000\137\000<\000\040\000D\000e\000n\000s\000e\000V\000e\000c\000t\000o\000r\000<\000\040\000I\000\040\000>\000\040\000>\000\040\000S\000t\000r\000u\000c\000t\000\040\000T\000e\000m\000p\000l\000a\000t\000e\000\040\000R\000e\000f\000e\000r\000e\000n\000c\000e}{section.7}
\BOOKMARK [3][-]{subsubsection.7.6.1}{\376\377\000D\000e\000t\000a\000i\000l\000e\000d\000\040\000D\000e\000s\000c\000r\000i\000p\000t\000i\000o\000n}{subsection.7.6}
\BOOKMARK [2][-]{subsection.7.7}{\376\377\000f\000l\000e\000n\000s\000:\000:\000I\000d\000e\000n\000t\000i\000t\000y\000P\000r\000e\000c\000<\000\040\000M\000A\000\040\000>\000\040\000C\000l\000a\000s\000s\000\040\000T\000e\000m\000p\000l\000a\000t\000e\000\040\000R\000e\000f\000e\000r\000e\000n\000c\000e}{section.7}
\BOOKMARK [3][-]{subsubsection.7.7.1}{\376\377\000D\000e\000t\000a\000i\000l\000e\000d\000\040\000D\000e\000s\000c\000r\000i\000p\000t\000i\000o\000n}{subsection.7.7}
\BOOKMARK [2][-]{subsection.7.8}{\376\377\000k\000n\000o\000t\0001\000D\000\040\000S\000t\000r\000u\000c\000t\000\040\000R\000e\000f\000e\000r\000e\000n\000c\000e}{section.7}
\BOOKMARK [3][-]{subsubsection.7.8.1}{\376\377\000D\000e\000t\000a\000i\000l\000e\000d\000\040\000D\000e\000s\000c\000r\000i\000p\000t\000i\000o\000n}{subsection.7.8}
\BOOKMARK [3][-]{subsubsection.7.8.2}{\376\377\000M\000e\000m\000b\000e\000r\000\040\000F\000u\000n\000c\000t\000i\000o\000n\000\040\000D\000o\000c\000u\000m\000e\000n\000t\000a\000t\000i\000o\000n}{subsection.7.8}
\BOOKMARK [2][-]{subsection.7.9}{\376\377\000k\000n\000o\000t\0002\000D\000\040\000S\000t\000r\000u\000c\000t\000\040\000R\000e\000f\000e\000r\000e\000n\000c\000e}{section.7}
\BOOKMARK [3][-]{subsubsection.7.9.1}{\376\377\000D\000e\000t\000a\000i\000l\000e\000d\000\040\000D\000e\000s\000c\000r\000i\000p\000t\000i\000o\000n}{subsection.7.9}
\BOOKMARK [3][-]{subsubsection.7.9.2}{\376\377\000M\000e\000m\000b\000e\000r\000\040\000F\000u\000n\000c\000t\000i\000o\000n\000\040\000D\000o\000c\000u\000m\000e\000n\000t\000a\000t\000i\000o\000n}{subsection.7.9}
\BOOKMARK [2][-]{subsection.7.10}{\376\377\000k\000n\000o\000t\0003\000D\000\040\000S\000t\000r\000u\000c\000t\000\040\000R\000e\000f\000e\000r\000e\000n\000c\000e}{section.7}
\BOOKMARK [3][-]{subsubsection.7.10.1}{\376\377\000D\000e\000t\000a\000i\000l\000e\000d\000\040\000D\000e\000s\000c\000r\000i\000p\000t\000i\000o\000n}{subsection.7.10}
\BOOKMARK [3][-]{subsubsection.7.10.2}{\376\377\000M\000e\000m\000b\000e\000r\000\040\000F\000u\000n\000c\000t\000i\000o\000n\000\040\000D\000o\000c\000u\000m\000e\000n\000t\000a\000t\000i\000o\000n}{subsection.7.10}
\BOOKMARK [2][-]{subsection.7.11}{\376\377\000K\000n\000o\000t\000s\000<\000\040\000T\000d\000o\000m\000a\000i\000n\000,\000\040\000T\000k\000n\000o\000t\000\040\000>\000\040\000C\000l\000a\000s\000s\000\040\000T\000e\000m\000p\000l\000a\000t\000e\000\040\000R\000e\000f\000e\000r\000e\000n\000c\000e}{section.7}
\BOOKMARK [3][-]{subsubsection.7.11.1}{\376\377\000D\000e\000t\000a\000i\000l\000e\000d\000\040\000D\000e\000s\000c\000r\000i\000p\000t\000i\000o\000n}{subsection.7.11}
\BOOKMARK [3][-]{subsubsection.7.11.2}{\376\377\000M\000e\000m\000b\000e\000r\000\040\000F\000u\000n\000c\000t\000i\000o\000n\000\040\000D\000o\000c\000u\000m\000e\000n\000t\000a\000t\000i\000o\000n}{subsection.7.11}
\BOOKMARK [2][-]{subsection.7.12}{\376\377\000L\000i\000n\000e\000K\000n\000o\000t\000s\000<\000\040\000T\000p\000r\000e\000c\000\040\000>\000\040\000C\000l\000a\000s\000s\000\040\000T\000e\000m\000p\000l\000a\000t\000e\000\040\000R\000e\000f\000e\000r\000e\000n\000c\000e}{section.7}
\BOOKMARK [3][-]{subsubsection.7.12.1}{\376\377\000D\000e\000t\000a\000i\000l\000e\000d\000\040\000D\000e\000s\000c\000r\000i\000p\000t\000i\000o\000n}{subsection.7.12}
\BOOKMARK [3][-]{subsubsection.7.12.2}{\376\377\000C\000o\000n\000s\000t\000r\000u\000c\000t\000o\000r\000\040\000\046\000\040\000D\000e\000s\000t\000r\000u\000c\000t\000o\000r\000\040\000D\000o\000c\000u\000m\000e\000n\000t\000a\000t\000i\000o\000n}{subsection.7.12}
\BOOKMARK [3][-]{subsubsection.7.12.3}{\376\377\000M\000e\000m\000b\000e\000r\000\040\000F\000u\000n\000c\000t\000i\000o\000n\000\040\000D\000o\000c\000u\000m\000e\000n\000t\000a\000t\000i\000o\000n}{subsection.7.12}
\BOOKMARK [2][-]{subsection.7.13}{\376\377\000O\000V\000R\000e\000c\000t\000a\000n\000g\000l\000e\000K\000n\000o\000t\000s\000<\000\040\000T\000p\000r\000e\000c\000\040\000>\000\040\000C\000l\000a\000s\000s\000\040\000T\000e\000m\000p\000l\000a\000t\000e\000\040\000R\000e\000f\000e\000r\000e\000n\000c\000e}{section.7}
\BOOKMARK [3][-]{subsubsection.7.13.1}{\376\377\000D\000e\000t\000a\000i\000l\000e\000d\000\040\000D\000e\000s\000c\000r\000i\000p\000t\000i\000o\000n}{subsection.7.13}
\BOOKMARK [3][-]{subsubsection.7.13.2}{\376\377\000C\000o\000n\000s\000t\000r\000u\000c\000t\000o\000r\000\040\000\046\000\040\000D\000e\000s\000t\000r\000u\000c\000t\000o\000r\000\040\000D\000o\000c\000u\000m\000e\000n\000t\000a\000t\000i\000o\000n}{subsection.7.13}
\BOOKMARK [3][-]{subsubsection.7.13.3}{\376\377\000M\000e\000m\000b\000e\000r\000\040\000F\000u\000n\000c\000t\000i\000o\000n\000\040\000D\000o\000c\000u\000m\000e\000n\000t\000a\000t\000i\000o\000n}{subsection.7.13}
\BOOKMARK [2][-]{subsection.7.14}{\376\377\000P\000A\000R\000e\000c\000t\000a\000n\000g\000l\000e\000K\000n\000o\000t\000s\000<\000\040\000T\000p\000r\000e\000c\000\040\000>\000\040\000C\000l\000a\000s\000s\000\040\000T\000e\000m\000p\000l\000a\000t\000e\000\040\000R\000e\000f\000e\000r\000e\000n\000c\000e}{section.7}
\BOOKMARK [3][-]{subsubsection.7.14.1}{\376\377\000D\000e\000t\000a\000i\000l\000e\000d\000\040\000D\000e\000s\000c\000r\000i\000p\000t\000i\000o\000n}{subsection.7.14}
\BOOKMARK [3][-]{subsubsection.7.14.2}{\376\377\000C\000o\000n\000s\000t\000r\000u\000c\000t\000o\000r\000\040\000\046\000\040\000D\000e\000s\000t\000r\000u\000c\000t\000o\000r\000\040\000D\000o\000c\000u\000m\000e\000n\000t\000a\000t\000i\000o\000n}{subsection.7.14}
\BOOKMARK [3][-]{subsubsection.7.14.3}{\376\377\000M\000e\000m\000b\000e\000r\000\040\000F\000u\000n\000c\000t\000i\000o\000n\000\040\000D\000o\000c\000u\000m\000e\000n\000t\000a\000t\000i\000o\000n}{subsection.7.14}
\BOOKMARK [2][-]{subsection.7.15}{\376\377\000R\000B\000F\000:\000:\000M\000Q\000<\000\040\000T\000,\000\040\000D\000i\000m\000\040\000>\000\040\000C\000l\000a\000s\000s\000\040\000T\000e\000m\000p\000l\000a\000t\000e\000\040\000R\000e\000f\000e\000r\000e\000n\000c\000e}{section.7}
\BOOKMARK [3][-]{subsubsection.7.15.1}{\376\377\000D\000e\000t\000a\000i\000l\000e\000d\000\040\000D\000e\000s\000c\000r\000i\000p\000t\000i\000o\000n}{subsection.7.15}
\BOOKMARK [2][-]{subsection.7.16}{\376\377\000R\000B\000F\000:\000:\000M\000Q\000<\000\040\000T\000,\000\040\0001\000\040\000>\000\040\000C\000l\000a\000s\000s\000\040\000T\000e\000m\000p\000l\000a\000t\000e\000\040\000R\000e\000f\000e\000r\000e\000n\000c\000e}{section.7}
\BOOKMARK [3][-]{subsubsection.7.16.1}{\376\377\000D\000e\000t\000a\000i\000l\000e\000d\000\040\000D\000e\000s\000c\000r\000i\000p\000t\000i\000o\000n}{subsection.7.16}
\BOOKMARK [2][-]{subsection.7.17}{\376\377\000R\000B\000F\000:\000:\000M\000Q\000<\000\040\000T\000,\000\040\0002\000\040\000>\000\040\000C\000l\000a\000s\000s\000\040\000T\000e\000m\000p\000l\000a\000t\000e\000\040\000R\000e\000f\000e\000r\000e\000n\000c\000e}{section.7}
\BOOKMARK [3][-]{subsubsection.7.17.1}{\376\377\000D\000e\000t\000a\000i\000l\000e\000d\000\040\000D\000e\000s\000c\000r\000i\000p\000t\000i\000o\000n}{subsection.7.17}
\BOOKMARK [2][-]{subsection.7.18}{\376\377\000R\000B\000F\000:\000:\000M\000Q\000<\000\040\000T\000,\000\040\0003\000\040\000>\000\040\000C\000l\000a\000s\000s\000\040\000T\000e\000m\000p\000l\000a\000t\000e\000\040\000R\000e\000f\000e\000r\000e\000n\000c\000e}{section.7}
\BOOKMARK [3][-]{subsubsection.7.18.1}{\376\377\000D\000e\000t\000a\000i\000l\000e\000d\000\040\000D\000e\000s\000c\000r\000i\000p\000t\000i\000o\000n}{subsection.7.18}
\BOOKMARK [2][-]{subsection.7.19}{\376\377\000R\000B\000F\000:\000:\000M\000Q\000\137\0001\000D\000X\000<\000\040\000T\000,\000\040\000D\000i\000m\000\040\000>\000\040\000C\000l\000a\000s\000s\000\040\000T\000e\000m\000p\000l\000a\000t\000e\000\040\000R\000e\000f\000e\000r\000e\000n\000c\000e}{section.7}
\BOOKMARK [3][-]{subsubsection.7.19.1}{\376\377\000D\000e\000t\000a\000i\000l\000e\000d\000\040\000D\000e\000s\000c\000r\000i\000p\000t\000i\000o\000n}{subsection.7.19}
\BOOKMARK [2][-]{subsection.7.20}{\376\377\000R\000B\000F\000:\000:\000M\000Q\000\137\0001\000D\000X\000<\000\040\000T\000,\000\040\0001\000\040\000>\000\040\000C\000l\000a\000s\000s\000\040\000T\000e\000m\000p\000l\000a\000t\000e\000\040\000R\000e\000f\000e\000r\000e\000n\000c\000e}{section.7}
\BOOKMARK [3][-]{subsubsection.7.20.1}{\376\377\000D\000e\000t\000a\000i\000l\000e\000d\000\040\000D\000e\000s\000c\000r\000i\000p\000t\000i\000o\000n}{subsection.7.20}
\BOOKMARK [2][-]{subsection.7.21}{\376\377\000R\000B\000F\000:\000:\000M\000Q\000\137\0001\000D\000X\000<\000\040\000T\000,\000\040\0002\000\040\000>\000\040\000C\000l\000a\000s\000s\000\040\000T\000e\000m\000p\000l\000a\000t\000e\000\040\000R\000e\000f\000e\000r\000e\000n\000c\000e}{section.7}
\BOOKMARK [3][-]{subsubsection.7.21.1}{\376\377\000D\000e\000t\000a\000i\000l\000e\000d\000\040\000D\000e\000s\000c\000r\000i\000p\000t\000i\000o\000n}{subsection.7.21}
\BOOKMARK [2][-]{subsection.7.22}{\376\377\000R\000B\000F\000:\000:\000M\000Q\000\137\0001\000D\000X\000<\000\040\000T\000,\000\040\0003\000\040\000>\000\040\000C\000l\000a\000s\000s\000\040\000T\000e\000m\000p\000l\000a\000t\000e\000\040\000R\000e\000f\000e\000r\000e\000n\000c\000e}{section.7}
\BOOKMARK [3][-]{subsubsection.7.22.1}{\376\377\000D\000e\000t\000a\000i\000l\000e\000d\000\040\000D\000e\000s\000c\000r\000i\000p\000t\000i\000o\000n}{subsection.7.22}
\BOOKMARK [2][-]{subsection.7.23}{\376\377\000R\000B\000F\000:\000:\000M\000Q\000\137\0001\000D\000Y\000<\000\040\000T\000,\000\040\000D\000i\000m\000\040\000>\000\040\000C\000l\000a\000s\000s\000\040\000T\000e\000m\000p\000l\000a\000t\000e\000\040\000R\000e\000f\000e\000r\000e\000n\000c\000e}{section.7}
\BOOKMARK [3][-]{subsubsection.7.23.1}{\376\377\000D\000e\000t\000a\000i\000l\000e\000d\000\040\000D\000e\000s\000c\000r\000i\000p\000t\000i\000o\000n}{subsection.7.23}
\BOOKMARK [2][-]{subsection.7.24}{\376\377\000R\000B\000F\000:\000:\000M\000Q\000\137\0001\000D\000Y\000<\000\040\000T\000,\000\040\0002\000\040\000>\000\040\000C\000l\000a\000s\000s\000\040\000T\000e\000m\000p\000l\000a\000t\000e\000\040\000R\000e\000f\000e\000r\000e\000n\000c\000e}{section.7}
\BOOKMARK [3][-]{subsubsection.7.24.1}{\376\377\000D\000e\000t\000a\000i\000l\000e\000d\000\040\000D\000e\000s\000c\000r\000i\000p\000t\000i\000o\000n}{subsection.7.24}
\BOOKMARK [2][-]{subsection.7.25}{\376\377\000R\000B\000F\000:\000:\000M\000Q\000\137\0001\000D\000Y\000<\000\040\000T\000,\000\040\0003\000\040\000>\000\040\000C\000l\000a\000s\000s\000\040\000T\000e\000m\000p\000l\000a\000t\000e\000\040\000R\000e\000f\000e\000r\000e\000n\000c\000e}{section.7}
\BOOKMARK [3][-]{subsubsection.7.25.1}{\376\377\000D\000e\000t\000a\000i\000l\000e\000d\000\040\000D\000e\000s\000c\000r\000i\000p\000t\000i\000o\000n}{subsection.7.25}
\BOOKMARK [2][-]{subsection.7.26}{\376\377\000R\000B\000F\000:\000:\000M\000Q\000\137\0001\000D\000Z\000<\000\040\000T\000,\000\040\000D\000i\000m\000\040\000>\000\040\000C\000l\000a\000s\000s\000\040\000T\000e\000m\000p\000l\000a\000t\000e\000\040\000R\000e\000f\000e\000r\000e\000n\000c\000e}{section.7}
\BOOKMARK [3][-]{subsubsection.7.26.1}{\376\377\000D\000e\000t\000a\000i\000l\000e\000d\000\040\000D\000e\000s\000c\000r\000i\000p\000t\000i\000o\000n}{subsection.7.26}
\BOOKMARK [2][-]{subsection.7.27}{\376\377\000R\000B\000F\000:\000:\000M\000Q\000\137\0001\000D\000Z\000<\000\040\000T\000,\000\040\0003\000\040\000>\000\040\000C\000l\000a\000s\000s\000\040\000T\000e\000m\000p\000l\000a\000t\000e\000\040\000R\000e\000f\000e\000r\000e\000n\000c\000e}{section.7}
\BOOKMARK [3][-]{subsubsection.7.27.1}{\376\377\000D\000e\000t\000a\000i\000l\000e\000d\000\040\000D\000e\000s\000c\000r\000i\000p\000t\000i\000o\000n}{subsection.7.27}
\BOOKMARK [2][-]{subsection.7.28}{\376\377\000R\000B\000F\000:\000:\000M\000Q\000\137\0002\000D\000X\000<\000\040\000T\000,\000\040\000D\000i\000m\000\040\000>\000\040\000C\000l\000a\000s\000s\000\040\000T\000e\000m\000p\000l\000a\000t\000e\000\040\000R\000e\000f\000e\000r\000e\000n\000c\000e}{section.7}
\BOOKMARK [3][-]{subsubsection.7.28.1}{\376\377\000D\000e\000t\000a\000i\000l\000e\000d\000\040\000D\000e\000s\000c\000r\000i\000p\000t\000i\000o\000n}{subsection.7.28}
\BOOKMARK [2][-]{subsection.7.29}{\376\377\000R\000B\000F\000:\000:\000M\000Q\000\137\0002\000D\000X\000<\000\040\000T\000,\000\040\0001\000\040\000>\000\040\000C\000l\000a\000s\000s\000\040\000T\000e\000m\000p\000l\000a\000t\000e\000\040\000R\000e\000f\000e\000r\000e\000n\000c\000e}{section.7}
\BOOKMARK [3][-]{subsubsection.7.29.1}{\376\377\000D\000e\000t\000a\000i\000l\000e\000d\000\040\000D\000e\000s\000c\000r\000i\000p\000t\000i\000o\000n}{subsection.7.29}
\BOOKMARK [2][-]{subsection.7.30}{\376\377\000R\000B\000F\000:\000:\000M\000Q\000\137\0002\000D\000X\000<\000\040\000T\000,\000\040\0002\000\040\000>\000\040\000C\000l\000a\000s\000s\000\040\000T\000e\000m\000p\000l\000a\000t\000e\000\040\000R\000e\000f\000e\000r\000e\000n\000c\000e}{section.7}
\BOOKMARK [3][-]{subsubsection.7.30.1}{\376\377\000D\000e\000t\000a\000i\000l\000e\000d\000\040\000D\000e\000s\000c\000r\000i\000p\000t\000i\000o\000n}{subsection.7.30}
\BOOKMARK [2][-]{subsection.7.31}{\376\377\000R\000B\000F\000:\000:\000M\000Q\000\137\0002\000D\000X\000<\000\040\000T\000,\000\040\0003\000\040\000>\000\040\000C\000l\000a\000s\000s\000\040\000T\000e\000m\000p\000l\000a\000t\000e\000\040\000R\000e\000f\000e\000r\000e\000n\000c\000e}{section.7}
\BOOKMARK [3][-]{subsubsection.7.31.1}{\376\377\000D\000e\000t\000a\000i\000l\000e\000d\000\040\000D\000e\000s\000c\000r\000i\000p\000t\000i\000o\000n}{subsection.7.31}
\BOOKMARK [2][-]{subsection.7.32}{\376\377\000R\000B\000F\000:\000:\000M\000Q\000\137\0002\000D\000Y\000<\000\040\000T\000,\000\040\000D\000i\000m\000\040\000>\000\040\000C\000l\000a\000s\000s\000\040\000T\000e\000m\000p\000l\000a\000t\000e\000\040\000R\000e\000f\000e\000r\000e\000n\000c\000e}{section.7}
\BOOKMARK [3][-]{subsubsection.7.32.1}{\376\377\000D\000e\000t\000a\000i\000l\000e\000d\000\040\000D\000e\000s\000c\000r\000i\000p\000t\000i\000o\000n}{subsection.7.32}
\BOOKMARK [2][-]{subsection.7.33}{\376\377\000R\000B\000F\000:\000:\000M\000Q\000\137\0002\000D\000Y\000<\000\040\000T\000,\000\040\0002\000\040\000>\000\040\000C\000l\000a\000s\000s\000\040\000T\000e\000m\000p\000l\000a\000t\000e\000\040\000R\000e\000f\000e\000r\000e\000n\000c\000e}{section.7}
\BOOKMARK [3][-]{subsubsection.7.33.1}{\376\377\000D\000e\000t\000a\000i\000l\000e\000d\000\040\000D\000e\000s\000c\000r\000i\000p\000t\000i\000o\000n}{subsection.7.33}
\BOOKMARK [2][-]{subsection.7.34}{\376\377\000R\000B\000F\000:\000:\000M\000Q\000\137\0002\000D\000Y\000<\000\040\000T\000,\000\040\0003\000\040\000>\000\040\000C\000l\000a\000s\000s\000\040\000T\000e\000m\000p\000l\000a\000t\000e\000\040\000R\000e\000f\000e\000r\000e\000n\000c\000e}{section.7}
\BOOKMARK [3][-]{subsubsection.7.34.1}{\376\377\000D\000e\000t\000a\000i\000l\000e\000d\000\040\000D\000e\000s\000c\000r\000i\000p\000t\000i\000o\000n}{subsection.7.34}
\BOOKMARK [2][-]{subsection.7.35}{\376\377\000R\000B\000F\000:\000:\000M\000Q\000\137\0002\000D\000Z\000<\000\040\000T\000,\000\040\000D\000i\000m\000\040\000>\000\040\000C\000l\000a\000s\000s\000\040\000T\000e\000m\000p\000l\000a\000t\000e\000\040\000R\000e\000f\000e\000r\000e\000n\000c\000e}{section.7}
\BOOKMARK [3][-]{subsubsection.7.35.1}{\376\377\000D\000e\000t\000a\000i\000l\000e\000d\000\040\000D\000e\000s\000c\000r\000i\000p\000t\000i\000o\000n}{subsection.7.35}
\BOOKMARK [2][-]{subsection.7.36}{\376\377\000R\000B\000F\000:\000:\000M\000Q\000\137\0002\000D\000Z\000<\000\040\000T\000,\000\040\0003\000\040\000>\000\040\000C\000l\000a\000s\000s\000\040\000T\000e\000m\000p\000l\000a\000t\000e\000\040\000R\000e\000f\000e\000r\000e\000n\000c\000e}{section.7}
\BOOKMARK [3][-]{subsubsection.7.36.1}{\376\377\000D\000e\000t\000a\000i\000l\000e\000d\000\040\000D\000e\000s\000c\000r\000i\000p\000t\000i\000o\000n}{subsection.7.36}
\BOOKMARK [2][-]{subsection.7.37}{\376\377\000R\000B\000F\000:\000:\000T\000P\000S\000<\000\040\000T\000,\000\040\000D\000i\000m\000\040\000>\000\040\000C\000l\000a\000s\000s\000\040\000T\000e\000m\000p\000l\000a\000t\000e\000\040\000R\000e\000f\000e\000r\000e\000n\000c\000e}{section.7}
\BOOKMARK [3][-]{subsubsection.7.37.1}{\376\377\000D\000e\000t\000a\000i\000l\000e\000d\000\040\000D\000e\000s\000c\000r\000i\000p\000t\000i\000o\000n}{subsection.7.37}
\BOOKMARK [2][-]{subsection.7.38}{\376\377\000R\000B\000F\000:\000:\000T\000P\000S\000<\000\040\000T\000,\000\040\0002\000\040\000>\000\040\000C\000l\000a\000s\000s\000\040\000T\000e\000m\000p\000l\000a\000t\000e\000\040\000R\000e\000f\000e\000r\000e\000n\000c\000e}{section.7}
\BOOKMARK [3][-]{subsubsection.7.38.1}{\376\377\000D\000e\000t\000a\000i\000l\000e\000d\000\040\000D\000e\000s\000c\000r\000i\000p\000t\000i\000o\000n}{subsection.7.38}
\BOOKMARK [2][-]{subsection.7.39}{\376\377\000R\000B\000F\000:\000:\000T\000P\000S\000\137\0001\000D\000X\000<\000\040\000T\000,\000\040\000D\000i\000m\000\040\000>\000\040\000C\000l\000a\000s\000s\000\040\000T\000e\000m\000p\000l\000a\000t\000e\000\040\000R\000e\000f\000e\000r\000e\000n\000c\000e}{section.7}
\BOOKMARK [3][-]{subsubsection.7.39.1}{\376\377\000D\000e\000t\000a\000i\000l\000e\000d\000\040\000D\000e\000s\000c\000r\000i\000p\000t\000i\000o\000n}{subsection.7.39}
\BOOKMARK [2][-]{subsection.7.40}{\376\377\000R\000B\000F\000:\000:\000T\000P\000S\000\137\0001\000D\000X\000<\000\040\000T\000,\000\040\0002\000\040\000>\000\040\000C\000l\000a\000s\000s\000\040\000T\000e\000m\000p\000l\000a\000t\000e\000\040\000R\000e\000f\000e\000r\000e\000n\000c\000e}{section.7}
\BOOKMARK [3][-]{subsubsection.7.40.1}{\376\377\000D\000e\000t\000a\000i\000l\000e\000d\000\040\000D\000e\000s\000c\000r\000i\000p\000t\000i\000o\000n}{subsection.7.40}
\BOOKMARK [2][-]{subsection.7.41}{\376\377\000R\000B\000F\000:\000:\000T\000P\000S\000\137\0001\000D\000Y\000<\000\040\000T\000,\000\040\000D\000i\000m\000\040\000>\000\040\000C\000l\000a\000s\000s\000\040\000T\000e\000m\000p\000l\000a\000t\000e\000\040\000R\000e\000f\000e\000r\000e\000n\000c\000e}{section.7}
\BOOKMARK [3][-]{subsubsection.7.41.1}{\376\377\000D\000e\000t\000a\000i\000l\000e\000d\000\040\000D\000e\000s\000c\000r\000i\000p\000t\000i\000o\000n}{subsection.7.41}
\BOOKMARK [2][-]{subsection.7.42}{\376\377\000R\000B\000F\000:\000:\000T\000P\000S\000\137\0001\000D\000Y\000<\000\040\000T\000,\000\040\0002\000\040\000>\000\040\000C\000l\000a\000s\000s\000\040\000T\000e\000m\000p\000l\000a\000t\000e\000\040\000R\000e\000f\000e\000r\000e\000n\000c\000e}{section.7}
\BOOKMARK [3][-]{subsubsection.7.42.1}{\376\377\000D\000e\000t\000a\000i\000l\000e\000d\000\040\000D\000e\000s\000c\000r\000i\000p\000t\000i\000o\000n}{subsection.7.42}
\BOOKMARK [2][-]{subsection.7.43}{\376\377\000R\000B\000F\000:\000:\000T\000P\000S\000\137\0002\000D\000X\000<\000\040\000T\000,\000\040\000D\000i\000m\000\040\000>\000\040\000C\000l\000a\000s\000s\000\040\000T\000e\000m\000p\000l\000a\000t\000e\000\040\000R\000e\000f\000e\000r\000e\000n\000c\000e}{section.7}
\BOOKMARK [3][-]{subsubsection.7.43.1}{\376\377\000D\000e\000t\000a\000i\000l\000e\000d\000\040\000D\000e\000s\000c\000r\000i\000p\000t\000i\000o\000n}{subsection.7.43}
\BOOKMARK [2][-]{subsection.7.44}{\376\377\000R\000B\000F\000:\000:\000T\000P\000S\000\137\0002\000D\000X\000<\000\040\000T\000,\000\040\0002\000\040\000>\000\040\000C\000l\000a\000s\000s\000\040\000T\000e\000m\000p\000l\000a\000t\000e\000\040\000R\000e\000f\000e\000r\000e\000n\000c\000e}{section.7}
\BOOKMARK [3][-]{subsubsection.7.44.1}{\376\377\000D\000e\000t\000a\000i\000l\000e\000d\000\040\000D\000e\000s\000c\000r\000i\000p\000t\000i\000o\000n}{subsection.7.44}
\BOOKMARK [2][-]{subsection.7.45}{\376\377\000R\000B\000F\000:\000:\000T\000P\000S\000\137\0002\000D\000Y\000<\000\040\000T\000,\000\040\000D\000i\000m\000\040\000>\000\040\000C\000l\000a\000s\000s\000\040\000T\000e\000m\000p\000l\000a\000t\000e\000\040\000R\000e\000f\000e\000r\000e\000n\000c\000e}{section.7}
\BOOKMARK [3][-]{subsubsection.7.45.1}{\376\377\000D\000e\000t\000a\000i\000l\000e\000d\000\040\000D\000e\000s\000c\000r\000i\000p\000t\000i\000o\000n}{subsection.7.45}
\BOOKMARK [2][-]{subsection.7.46}{\376\377\000R\000B\000F\000:\000:\000T\000P\000S\000\137\0002\000D\000Y\000<\000\040\000T\000,\000\040\0002\000\040\000>\000\040\000C\000l\000a\000s\000s\000\040\000T\000e\000m\000p\000l\000a\000t\000e\000\040\000R\000e\000f\000e\000r\000e\000n\000c\000e}{section.7}
\BOOKMARK [3][-]{subsubsection.7.46.1}{\376\377\000D\000e\000t\000a\000i\000l\000e\000d\000\040\000D\000e\000s\000c\000r\000i\000p\000t\000i\000o\000n}{subsection.7.46}
\BOOKMARK [2][-]{subsection.7.47}{\376\377\000R\000e\000c\000t\000a\000n\000g\000l\000e\000K\000n\000o\000t\000s\000<\000\040\000T\000p\000r\000e\000c\000\040\000>\000\040\000C\000l\000a\000s\000s\000\040\000T\000e\000m\000p\000l\000a\000t\000e\000\040\000R\000e\000f\000e\000r\000e\000n\000c\000e}{section.7}
\BOOKMARK [3][-]{subsubsection.7.47.1}{\376\377\000D\000e\000t\000a\000i\000l\000e\000d\000\040\000D\000e\000s\000c\000r\000i\000p\000t\000i\000o\000n}{subsection.7.47}
\BOOKMARK [3][-]{subsubsection.7.47.2}{\376\377\000C\000o\000n\000s\000t\000r\000u\000c\000t\000o\000r\000\040\000\046\000\040\000D\000e\000s\000t\000r\000u\000c\000t\000o\000r\000\040\000D\000o\000c\000u\000m\000e\000n\000t\000a\000t\000i\000o\000n}{subsection.7.47}
\BOOKMARK [3][-]{subsubsection.7.47.3}{\376\377\000M\000e\000m\000b\000e\000r\000\040\000F\000u\000n\000c\000t\000i\000o\000n\000\040\000D\000o\000c\000u\000m\000e\000n\000t\000a\000t\000i\000o\000n}{subsection.7.47}
\BOOKMARK [2][-]{subsection.7.48}{\376\377\000R\000e\000c\000t\000B\000l\000o\000c\000k\000s\000K\000n\000o\000t\000s\000<\000\040\000T\000p\000r\000e\000c\000\040\000>\000\040\000C\000l\000a\000s\000s\000\040\000T\000e\000m\000p\000l\000a\000t\000e\000\040\000R\000e\000f\000e\000r\000e\000n\000c\000e}{section.7}
\BOOKMARK [3][-]{subsubsection.7.48.1}{\376\377\000D\000e\000t\000a\000i\000l\000e\000d\000\040\000D\000e\000s\000c\000r\000i\000p\000t\000i\000o\000n}{subsection.7.48}
\BOOKMARK [3][-]{subsubsection.7.48.2}{\376\377\000C\000o\000n\000s\000t\000r\000u\000c\000t\000o\000r\000\040\000\046\000\040\000D\000e\000s\000t\000r\000u\000c\000t\000o\000r\000\040\000D\000o\000c\000u\000m\000e\000n\000t\000a\000t\000i\000o\000n}{subsection.7.48}
\BOOKMARK [3][-]{subsubsection.7.48.3}{\376\377\000M\000e\000m\000b\000e\000r\000\040\000F\000u\000n\000c\000t\000i\000o\000n\000\040\000D\000o\000c\000u\000m\000e\000n\000t\000a\000t\000i\000o\000n}{subsection.7.48}
\BOOKMARK [2][-]{subsection.7.49}{\376\377\000S\000e\000m\000i\000C\000i\000r\000c\000l\000e\000K\000n\000o\000t\000s\000<\000\040\000T\000p\000r\000e\000c\000\040\000>\000\040\000C\000l\000a\000s\000s\000\040\000T\000e\000m\000p\000l\000a\000t\000e\000\040\000R\000e\000f\000e\000r\000e\000n\000c\000e}{section.7}
\BOOKMARK [3][-]{subsubsection.7.49.1}{\376\377\000D\000e\000t\000a\000i\000l\000e\000d\000\040\000D\000e\000s\000c\000r\000i\000p\000t\000i\000o\000n}{subsection.7.49}
\BOOKMARK [3][-]{subsubsection.7.49.2}{\376\377\000C\000o\000n\000s\000t\000r\000u\000c\000t\000o\000r\000\040\000\046\000\040\000D\000e\000s\000t\000r\000u\000c\000t\000o\000r\000\040\000D\000o\000c\000u\000m\000e\000n\000t\000a\000t\000i\000o\000n}{subsection.7.49}
\BOOKMARK [3][-]{subsubsection.7.49.3}{\376\377\000M\000e\000m\000b\000e\000r\000\040\000F\000u\000n\000c\000t\000i\000o\000n\000\040\000D\000o\000c\000u\000m\000e\000n\000t\000a\000t\000i\000o\000n}{subsection.7.49}
\BOOKMARK [2][-]{subsection.7.50}{\376\377\000t\000i\000m\000e\000r\000\040\000S\000t\000r\000u\000c\000t\000\040\000R\000e\000f\000e\000r\000e\000n\000c\000e}{section.7}
\BOOKMARK [3][-]{subsubsection.7.50.1}{\376\377\000D\000e\000t\000a\000i\000l\000e\000d\000\040\000D\000e\000s\000c\000r\000i\000p\000t\000i\000o\000n}{subsection.7.50}
\BOOKMARK [1][-]{section.8}{\376\377\000F\000i\000l\000e\000\040\000D\000o\000c\000u\000m\000e\000n\000t\000a\000t\000i\000o\000n}{}
\BOOKMARK [2][-]{subsection.8.1}{\376\377\000/\000h\000o\000m\000e\000/\000l\000u\000i\000g\000g\000i\000/\000D\000o\000c\000u\000m\000e\000n\000t\000s\000/\000R\000e\000s\000e\000a\000r\000c\000h\000/\000M\000e\000s\000h\000l\000e\000s\000s\000\137\000R\000B\000F\000/\000N\000E\000W\000/\000R\000B\000F\000S\000o\000f\000t\000/\000e\000x\000a\000m\000p\000l\000e\000s\000/\0000\0001\000T\000e\000s\000t\000K\000n\000o\000t\000s\000/\000b\000o\000x\000.\000c\000p\000p\000\040\000F\000i\000l\000e\000\040\000R\000e\000f\000e\000r\000e\000n\000c\000e}{section.8}
\BOOKMARK [3][-]{subsubsection.8.1.1}{\376\377\000D\000e\000t\000a\000i\000l\000e\000d\000\040\000D\000e\000s\000c\000r\000i\000p\000t\000i\000o\000n}{subsection.8.1}
\BOOKMARK [2][-]{subsection.8.2}{\376\377\000/\000h\000o\000m\000e\000/\000l\000u\000i\000g\000g\000i\000/\000D\000o\000c\000u\000m\000e\000n\000t\000s\000/\000R\000e\000s\000e\000a\000r\000c\000h\000/\000M\000e\000s\000h\000l\000e\000s\000s\000\137\000R\000B\000F\000/\000N\000E\000W\000/\000R\000B\000F\000S\000o\000f\000t\000/\000e\000x\000a\000m\000p\000l\000e\000s\000/\0000\0001\000T\000e\000s\000t\000K\000n\000o\000t\000s\000/\000l\000i\000n\000e\000.\000c\000p\000p\000\040\000F\000i\000l\000e\000\040\000R\000e\000f\000e\000r\000e\000n\000c\000e}{section.8}
\BOOKMARK [3][-]{subsubsection.8.2.1}{\376\377\000D\000e\000t\000a\000i\000l\000e\000d\000\040\000D\000e\000s\000c\000r\000i\000p\000t\000i\000o\000n}{subsection.8.2}
\BOOKMARK [2][-]{subsection.8.3}{\376\377\000/\000h\000o\000m\000e\000/\000l\000u\000i\000g\000g\000i\000/\000D\000o\000c\000u\000m\000e\000n\000t\000s\000/\000R\000e\000s\000e\000a\000r\000c\000h\000/\000M\000e\000s\000h\000l\000e\000s\000s\000\137\000R\000B\000F\000/\000N\000E\000W\000/\000R\000B\000F\000S\000o\000f\000t\000/\000e\000x\000a\000m\000p\000l\000e\000s\000/\0000\0001\000T\000e\000s\000t\000K\000n\000o\000t\000s\000/\000r\000e\000c\000t\000a\000n\000g\000l\000e\000.\000c\000p\000p\000\040\000F\000i\000l\000e\000\040\000R\000e\000f\000e\000r\000e\000n\000c\000e}{section.8}
\BOOKMARK [3][-]{subsubsection.8.3.1}{\376\377\000D\000e\000t\000a\000i\000l\000e\000d\000\040\000D\000e\000s\000c\000r\000i\000p\000t\000i\000o\000n}{subsection.8.3}
\BOOKMARK [2][-]{subsection.8.4}{\376\377\000/\000h\000o\000m\000e\000/\000l\000u\000i\000g\000g\000i\000/\000D\000o\000c\000u\000m\000e\000n\000t\000s\000/\000R\000e\000s\000e\000a\000r\000c\000h\000/\000M\000e\000s\000h\000l\000e\000s\000s\000\137\000R\000B\000F\000/\000N\000E\000W\000/\000R\000B\000F\000S\000o\000f\000t\000/\000e\000x\000a\000m\000p\000l\000e\000s\000/\0000\0001\000T\000e\000s\000t\000K\000n\000o\000t\000s\000/\000r\000e\000c\000t\000a\000n\000g\000l\000e\000\137\000b\000l\000o\000c\000k\000s\000.\000c\000p\000p\000\040\000F\000i\000l\000e\000\040\000R\000e\000f\000e\000r\000e\000n\000c\000e}{section.8}
\BOOKMARK [3][-]{subsubsection.8.4.1}{\376\377\000D\000e\000t\000a\000i\000l\000e\000d\000\040\000D\000e\000s\000c\000r\000i\000p\000t\000i\000o\000n}{subsection.8.4}
\BOOKMARK [2][-]{subsection.8.5}{\376\377\000/\000h\000o\000m\000e\000/\000l\000u\000i\000g\000g\000i\000/\000D\000o\000c\000u\000m\000e\000n\000t\000s\000/\000R\000e\000s\000e\000a\000r\000c\000h\000/\000M\000e\000s\000h\000l\000e\000s\000s\000\137\000R\000B\000F\000/\000N\000E\000W\000/\000R\000B\000F\000S\000o\000f\000t\000/\000e\000x\000a\000m\000p\000l\000e\000s\000/\0000\0001\000T\000e\000s\000t\000K\000n\000o\000t\000s\000/\000s\000e\000m\000i\000c\000i\000r\000c\000l\000e\000.\000c\000p\000p\000\040\000F\000i\000l\000e\000\040\000R\000e\000f\000e\000r\000e\000n\000c\000e}{section.8}
\BOOKMARK [3][-]{subsubsection.8.5.1}{\376\377\000D\000e\000t\000a\000i\000l\000e\000d\000\040\000D\000e\000s\000c\000r\000i\000p\000t\000i\000o\000n}{subsection.8.5}
\BOOKMARK [2][-]{subsection.8.6}{\376\377\000/\000h\000o\000m\000e\000/\000l\000u\000i\000g\000g\000i\000/\000D\000o\000c\000u\000m\000e\000n\000t\000s\000/\000R\000e\000s\000e\000a\000r\000c\000h\000/\000M\000e\000s\000h\000l\000e\000s\000s\000\137\000R\000B\000F\000/\000N\000E\000W\000/\000R\000B\000F\000S\000o\000f\000t\000/\000e\000x\000a\000m\000p\000l\000e\000s\000/\0000\0002\000H\000e\000a\000t\0002\000D\000/\000h\000e\000a\000t\0002\000D\000.\000c\000p\000p\000\040\000F\000i\000l\000e\000\040\000R\000e\000f\000e\000r\000e\000n\000c\000e}{section.8}
\BOOKMARK [3][-]{subsubsection.8.6.1}{\376\377\000D\000e\000t\000a\000i\000l\000e\000d\000\040\000D\000e\000s\000c\000r\000i\000p\000t\000i\000o\000n}{subsection.8.6}
\BOOKMARK [2][-]{subsection.8.7}{\376\377\000/\000h\000o\000m\000e\000/\000l\000u\000i\000g\000g\000i\000/\000D\000o\000c\000u\000m\000e\000n\000t\000s\000/\000R\000e\000s\000e\000a\000r\000c\000h\000/\000M\000e\000s\000h\000l\000e\000s\000s\000\137\000R\000B\000F\000/\000N\000E\000W\000/\000R\000B\000F\000S\000o\000f\000t\000/\000e\000x\000a\000m\000p\000l\000e\000s\000/\0000\0003\000H\000e\000a\000t\000S\000e\000m\000i\000C\000i\000r\000c\000l\000e\000/\000h\000e\000a\000t\000s\000e\000m\000i\000.\000c\000p\000p\000\040\000F\000i\000l\000e\000\040\000R\000e\000f\000e\000r\000e\000n\000c\000e}{section.8}
\BOOKMARK [3][-]{subsubsection.8.7.1}{\376\377\000D\000e\000t\000a\000i\000l\000e\000d\000\040\000D\000e\000s\000c\000r\000i\000p\000t\000i\000o\000n}{subsection.8.7}
\BOOKMARK [2][-]{subsection.8.8}{\376\377\000/\000h\000o\000m\000e\000/\000l\000u\000i\000g\000g\000i\000/\000D\000o\000c\000u\000m\000e\000n\000t\000s\000/\000R\000e\000s\000e\000a\000r\000c\000h\000/\000M\000e\000s\000h\000l\000e\000s\000s\000\137\000R\000B\000F\000/\000N\000E\000W\000/\000R\000B\000F\000S\000o\000f\000t\000/\000e\000x\000a\000m\000p\000l\000e\000s\000/\0000\0004\000C\000o\000n\000v\000D\000i\000f\000f\0001\000D\000/\000c\000o\000n\000v\000d\000i\000f\000f\0000\0001\000.\000c\000p\000p\000\040\000F\000i\000l\000e\000\040\000R\000e\000f\000e\000r\000e\000n\000c\000e}{section.8}
\BOOKMARK [3][-]{subsubsection.8.8.1}{\376\377\000D\000e\000t\000a\000i\000l\000e\000d\000\040\000D\000e\000s\000c\000r\000i\000p\000t\000i\000o\000n}{subsection.8.8}
\BOOKMARK [2][-]{subsection.8.9}{\376\377\000/\000h\000o\000m\000e\000/\000l\000u\000i\000g\000g\000i\000/\000D\000o\000c\000u\000m\000e\000n\000t\000s\000/\000R\000e\000s\000e\000a\000r\000c\000h\000/\000M\000e\000s\000h\000l\000e\000s\000s\000\137\000R\000B\000F\000/\000N\000E\000W\000/\000R\000B\000F\000S\000o\000f\000t\000/\000e\000x\000a\000m\000p\000l\000e\000s\000/\0000\0005\000C\000o\000n\000v\000D\000i\000f\000f\0002\000D\000/\000c\000o\000n\000v\000d\000i\000f\000f\0002\000D\000.\000c\000p\000p\000\040\000F\000i\000l\000e\000\040\000R\000e\000f\000e\000r\000e\000n\000c\000e}{section.8}
\BOOKMARK [3][-]{subsubsection.8.9.1}{\376\377\000D\000e\000t\000a\000i\000l\000e\000d\000\040\000D\000e\000s\000c\000r\000i\000p\000t\000i\000o\000n}{subsection.8.9}
\BOOKMARK [2][-]{subsection.8.10}{\376\377\000/\000h\000o\000m\000e\000/\000l\000u\000i\000g\000g\000i\000/\000D\000o\000c\000u\000m\000e\000n\000t\000s\000/\000R\000e\000s\000e\000a\000r\000c\000h\000/\000M\000e\000s\000h\000l\000e\000s\000s\000\137\000R\000B\000F\000/\000N\000E\000W\000/\000R\000B\000F\000S\000o\000f\000t\000/\000e\000x\000a\000m\000p\000l\000e\000s\000/\0000\0007\000L\000i\000d\000D\000r\000i\000v\000e\000n\000/\000l\000i\000d\000\137\000d\000r\000i\000v\000e\000n\0002\000.\000c\000p\000p\000\040\000F\000i\000l\000e\000\040\000R\000e\000f\000e\000r\000e\000n\000c\000e}{section.8}
\BOOKMARK [3][-]{subsubsection.8.10.1}{\376\377\000D\000e\000t\000a\000i\000l\000e\000d\000\040\000D\000e\000s\000c\000r\000i\000p\000t\000i\000o\000n}{subsection.8.10}
\BOOKMARK [2][-]{subsection.8.11}{\376\377\000/\000h\000o\000m\000e\000/\000l\000u\000i\000g\000g\000i\000/\000D\000o\000c\000u\000m\000e\000n\000t\000s\000/\000R\000e\000s\000e\000a\000r\000c\000h\000/\000M\000e\000s\000h\000l\000e\000s\000s\000\137\000R\000B\000F\000/\000N\000E\000W\000/\000R\000B\000F\000S\000o\000f\000t\000/\000e\000x\000a\000m\000p\000l\000e\000s\000/\0000\0008\000B\000a\000c\000k\000w\000a\000r\000d\000F\000a\000c\000i\000n\000g\000S\000t\000e\000p\000/\000b\000a\000c\000k\000f\000a\000c\000i\000n\000g\0002\000.\000c\000p\000p\000\040\000F\000i\000l\000e\000\040\000R\000e\000f\000e\000r\000e\000n\000c\000e}{section.8}
\BOOKMARK [3][-]{subsubsection.8.11.1}{\376\377\000D\000e\000t\000a\000i\000l\000e\000d\000\040\000D\000e\000s\000c\000r\000i\000p\000t\000i\000o\000n}{subsection.8.11}
\BOOKMARK [2][-]{subsection.8.12}{\376\377\000/\000h\000o\000m\000e\000/\000l\000u\000i\000g\000g\000i\000/\000D\000o\000c\000u\000m\000e\000n\000t\000s\000/\000R\000e\000s\000e\000a\000r\000c\000h\000/\000M\000e\000s\000h\000l\000e\000s\000s\000\137\000R\000B\000F\000/\000N\000E\000W\000/\000R\000B\000F\000S\000o\000f\000t\000/\000i\000n\000c\000l\000u\000d\000e\000/\000k\000d\000t\000r\000e\000e\000+\000+\000/\000a\000c\000c\000e\000s\000s\000o\000r\000.\000h\000p\000p\000\040\000F\000i\000l\000e\000\040\000R\000e\000f\000e\000r\000e\000n\000c\000e}{section.8}
\BOOKMARK [3][-]{subsubsection.8.12.1}{\376\377\000D\000e\000t\000a\000i\000l\000e\000d\000\040\000D\000e\000s\000c\000r\000i\000p\000t\000i\000o\000n}{subsection.8.12}
\BOOKMARK [2][-]{subsection.8.13}{\376\377\000/\000h\000o\000m\000e\000/\000l\000u\000i\000g\000g\000i\000/\000D\000o\000c\000u\000m\000e\000n\000t\000s\000/\000R\000e\000s\000e\000a\000r\000c\000h\000/\000M\000e\000s\000h\000l\000e\000s\000s\000\137\000R\000B\000F\000/\000N\000E\000W\000/\000R\000B\000F\000S\000o\000f\000t\000/\000i\000n\000c\000l\000u\000d\000e\000/\000k\000d\000t\000r\000e\000e\000+\000+\000/\000a\000l\000l\000o\000c\000a\000t\000o\000r\000.\000h\000p\000p\000\040\000F\000i\000l\000e\000\040\000R\000e\000f\000e\000r\000e\000n\000c\000e}{section.8}
\BOOKMARK [3][-]{subsubsection.8.13.1}{\376\377\000D\000e\000t\000a\000i\000l\000e\000d\000\040\000D\000e\000s\000c\000r\000i\000p\000t\000i\000o\000n}{subsection.8.13}
\BOOKMARK [2][-]{subsection.8.14}{\376\377\000/\000h\000o\000m\000e\000/\000l\000u\000i\000g\000g\000i\000/\000D\000o\000c\000u\000m\000e\000n\000t\000s\000/\000R\000e\000s\000e\000a\000r\000c\000h\000/\000M\000e\000s\000h\000l\000e\000s\000s\000\137\000R\000B\000F\000/\000N\000E\000W\000/\000R\000B\000F\000S\000o\000f\000t\000/\000i\000n\000c\000l\000u\000d\000e\000/\000k\000d\000t\000r\000e\000e\000+\000+\000/\000i\000t\000e\000r\000a\000t\000o\000r\000.\000h\000p\000p\000\040\000F\000i\000l\000e\000\040\000R\000e\000f\000e\000r\000e\000n\000c\000e}{section.8}
\BOOKMARK [3][-]{subsubsection.8.14.1}{\376\377\000D\000e\000t\000a\000i\000l\000e\000d\000\040\000D\000e\000s\000c\000r\000i\000p\000t\000i\000o\000n}{subsection.8.14}
\BOOKMARK [2][-]{subsection.8.15}{\376\377\000/\000h\000o\000m\000e\000/\000l\000u\000i\000g\000g\000i\000/\000D\000o\000c\000u\000m\000e\000n\000t\000s\000/\000R\000e\000s\000e\000a\000r\000c\000h\000/\000M\000e\000s\000h\000l\000e\000s\000s\000\137\000R\000B\000F\000/\000N\000E\000W\000/\000R\000B\000F\000S\000o\000f\000t\000/\000i\000n\000c\000l\000u\000d\000e\000/\000k\000d\000t\000r\000e\000e\000+\000+\000/\000k\000d\000t\000r\000e\000e\000.\000h\000p\000p\000\040\000F\000i\000l\000e\000\040\000R\000e\000f\000e\000r\000e\000n\000c\000e}{section.8}
\BOOKMARK [3][-]{subsubsection.8.15.1}{\376\377\000D\000e\000t\000a\000i\000l\000e\000d\000\040\000D\000e\000s\000c\000r\000i\000p\000t\000i\000o\000n}{subsection.8.15}
\BOOKMARK [2][-]{subsection.8.16}{\376\377\000/\000h\000o\000m\000e\000/\000l\000u\000i\000g\000g\000i\000/\000D\000o\000c\000u\000m\000e\000n\000t\000s\000/\000R\000e\000s\000e\000a\000r\000c\000h\000/\000M\000e\000s\000h\000l\000e\000s\000s\000\137\000R\000B\000F\000/\000N\000E\000W\000/\000R\000B\000F\000S\000o\000f\000t\000/\000i\000n\000c\000l\000u\000d\000e\000/\000k\000d\000t\000r\000e\000e\000+\000+\000/\000n\000o\000d\000e\000.\000h\000p\000p\000\040\000F\000i\000l\000e\000\040\000R\000e\000f\000e\000r\000e\000n\000c\000e}{section.8}
\BOOKMARK [3][-]{subsubsection.8.16.1}{\376\377\000D\000e\000t\000a\000i\000l\000e\000d\000\040\000D\000e\000s\000c\000r\000i\000p\000t\000i\000o\000n}{subsection.8.16}
\BOOKMARK [2][-]{subsection.8.17}{\376\377\000/\000h\000o\000m\000e\000/\000l\000u\000i\000g\000g\000i\000/\000D\000o\000c\000u\000m\000e\000n\000t\000s\000/\000R\000e\000s\000e\000a\000r\000c\000h\000/\000M\000e\000s\000h\000l\000e\000s\000s\000\137\000R\000B\000F\000/\000N\000E\000W\000/\000R\000B\000F\000S\000o\000f\000t\000/\000i\000n\000c\000l\000u\000d\000e\000/\000k\000d\000t\000r\000e\000e\000+\000+\000/\000r\000e\000g\000i\000o\000n\000.\000h\000p\000p\000\040\000F\000i\000l\000e\000\040\000R\000e\000f\000e\000r\000e\000n\000c\000e}{section.8}
\BOOKMARK [3][-]{subsubsection.8.17.1}{\376\377\000D\000e\000t\000a\000i\000l\000e\000d\000\040\000D\000e\000s\000c\000r\000i\000p\000t\000i\000o\000n}{subsection.8.17}
\BOOKMARK [2][-]{subsection.8.18}{\376\377\000/\000h\000o\000m\000e\000/\000l\000u\000i\000g\000g\000i\000/\000D\000o\000c\000u\000m\000e\000n\000t\000s\000/\000R\000e\000s\000e\000a\000r\000c\000h\000/\000M\000e\000s\000h\000l\000e\000s\000s\000\137\000R\000B\000F\000/\000N\000E\000W\000/\000R\000B\000F\000S\000o\000f\000t\000/\000i\000n\000c\000l\000u\000d\000e\000/\000S\000o\000l\000v\000e\000r\000s\000/\000K\000r\000y\000l\000o\000v\000/\000g\000m\000r\000e\000s\000.\000h\000p\000p\000\040\000F\000i\000l\000e\000\040\000R\000e\000f\000e\000r\000e\000n\000c\000e}{section.8}
\BOOKMARK [3][-]{subsubsection.8.18.1}{\376\377\000D\000e\000t\000a\000i\000l\000e\000d\000\040\000D\000e\000s\000c\000r\000i\000p\000t\000i\000o\000n}{subsection.8.18}
\BOOKMARK [2][-]{subsection.8.19}{\376\377\000/\000h\000o\000m\000e\000/\000l\000u\000i\000g\000g\000i\000/\000D\000o\000c\000u\000m\000e\000n\000t\000s\000/\000R\000e\000s\000e\000a\000r\000c\000h\000/\000M\000e\000s\000h\000l\000e\000s\000s\000\137\000R\000B\000F\000/\000N\000E\000W\000/\000R\000B\000F\000S\000o\000f\000t\000/\000i\000n\000c\000l\000u\000d\000e\000/\000T\000r\000a\000i\000t\000s\000.\000h\000p\000p\000\040\000F\000i\000l\000e\000\040\000R\000e\000f\000e\000r\000e\000n\000c\000e}{section.8}
\BOOKMARK [3][-]{subsubsection.8.19.1}{\376\377\000D\000e\000t\000a\000i\000l\000e\000d\000\040\000D\000e\000s\000c\000r\000i\000p\000t\000i\000o\000n}{subsection.8.19}
